2025-07-27 10:51:10,074 [INFO] Activator:176 - 


2025-07-27 10:51:10,076 [INFO] Activator:177 - !SESSION log4j initialized
2025-07-27 10:51:43,608 [INFO] LogOutputStream:77 - [STDOUT_REDIRECT] 
2025-07-27 10:52:13,035 [INFO] ApplicationProperties:184 - Using Application install path: C:\ST\STM32CubeIDE_1.18.1\STM32CubeIDE\plugins\com.st.stm32cube.common.mx_6.14.1.202504091515
2025-07-27 10:52:13,141 [INFO] DbMcusXml:78 - Set database path to: C:\ST\STM32CubeIDE_1.18.1\STM32CubeIDE\plugins\com.st.stm32cube.common.mx_6.14.1.202504091515\\db\/mcu/
2025-07-27 10:52:13,142 [INFO] ApiDb:274 - Set plugin database path to: C:\ST\STM32CubeIDE_1.18.1\STM32CubeIDE\plugins\com.st.stm32cube.common.mx_6.14.1.202504091515\\db\/plugins/boardmanager/
2025-07-27 10:52:13,145 [WARN] ApiDb:259 - Overriding images path with different value:  => C:\ST\STM32CubeIDE_1.18.1\STM32CubeIDE\plugins\com.st.stm32cube.common.mx_6.14.1.202504091515\\db\/plugins/mcufinder/images/
2025-07-27 10:52:13,208 [INFO] ApiDb:250 - Set database path to: C:\Users\VirtWin10\.stmcufinder\plugins\mcufinder//mcu/
2025-07-27 10:52:13,215 [INFO] DbMcusAds:125 - Set database path to: C:\Users\VirtWin10\.stmcufinder\plugins\mcufinder//mcu/
2025-07-27 10:52:13,232 [INFO] CrossReferenceDbSqlite:203 - Set database path to: C:\Users\VirtWin10\.stmcufinder\plugins\mcufinder//mcu/cs/
2025-07-27 10:52:14,283 [INFO] RulesReader:64 - Compatibility file has been processed (302 Rules)
2025-07-27 10:52:14,833 [INFO] DbMcusXml:78 - Set database path to: C:\ST\STM32CubeIDE_1.18.1\STM32CubeIDE\plugins\com.st.stm32cube.common.mx_6.14.1.202504091515\\db\/mcu/
2025-07-27 10:52:14,835 [INFO] ApiDb:274 - Set plugin database path to: C:\ST\STM32CubeIDE_1.18.1\STM32CubeIDE\plugins\com.st.stm32cube.common.mx_6.14.1.202504091515\\db\/plugins/boardmanager/
2025-07-27 10:52:14,836 [INFO] ApiDb:261 - Set plugin images path to: C:\ST\STM32CubeIDE_1.18.1\STM32CubeIDE\plugins\com.st.stm32cube.common.mx_6.14.1.202504091515\\db\/plugins/mcufinder/images/
2025-07-27 10:52:14,836 [WARN] DbFile:41 - Overriding database path with different value: C:\Users\VirtWin10\.stmcufinder\plugins\mcufinder/ => C:\Users\VirtWin10\.stmcufinder\plugins\mcufinder
2025-07-27 10:52:14,836 [INFO] ApiDb:250 - Set database path to: C:\Users\VirtWin10\.stmcufinder\plugins\mcufinder//mcu/
2025-07-27 10:52:14,836 [WARN] DbFile:41 - Overriding database path with different value: C:\Users\VirtWin10\.stmcufinder\plugins\mcufinder/ => C:\Users\VirtWin10\.stmcufinder\plugins\mcufinder
2025-07-27 10:52:14,839 [INFO] DbMcusAds:125 - Set database path to: C:\Users\VirtWin10\.stmcufinder\plugins\mcufinder//mcu/
2025-07-27 10:52:14,839 [WARN] DbFile:41 - Overriding database path with different value: C:\Users\VirtWin10\.stmcufinder\plugins\mcufinder/ => C:\Users\VirtWin10\.stmcufinder\plugins\mcufinder
2025-07-27 10:52:14,839 [WARN] DbFile:41 - Overriding database path with different value: C:\Users\VirtWin10\.stmcufinder\plugins\mcufinder/ => C:\Users\VirtWin10\.stmcufinder\plugins\mcufinder
2025-07-27 10:52:14,841 [INFO] CrossReferenceDbSqlite:203 - Set database path to: C:\Users\VirtWin10\.stmcufinder\plugins\mcufinder//mcu/cs/
2025-07-27 10:52:15,366 [INFO] MainPanel:272 - HeapMemory: 268435456
2025-07-27 10:52:16,118 [INFO] DbMcusXml:78 - Set database path to: C:\ST\STM32CubeIDE_1.18.1\STM32CubeIDE\plugins\com.st.stm32cube.common.mx_6.14.1.202504091515\\db\/mcu/
2025-07-27 10:52:16,118 [INFO] ApiDb:274 - Set plugin database path to: C:\ST\STM32CubeIDE_1.18.1\STM32CubeIDE\plugins\com.st.stm32cube.common.mx_6.14.1.202504091515\\db\/plugins/boardmanager/
2025-07-27 10:52:16,119 [INFO] ApiDb:261 - Set plugin images path to: C:\ST\STM32CubeIDE_1.18.1\STM32CubeIDE\plugins\com.st.stm32cube.common.mx_6.14.1.202504091515\\db\/plugins/mcufinder/images/
2025-07-27 10:52:16,121 [WARN] DbFile:41 - Overriding database path with different value: C:\Users\VirtWin10\.stmcufinder\plugins\mcufinder/ => C:\Users\VirtWin10\.stmcufinder\plugins\mcufinder
2025-07-27 10:52:16,121 [INFO] ApiDb:250 - Set database path to: C:\Users\VirtWin10\.stmcufinder\plugins\mcufinder//mcu/
2025-07-27 10:52:16,122 [WARN] DbFile:41 - Overriding database path with different value: C:\Users\VirtWin10\.stmcufinder\plugins\mcufinder/ => C:\Users\VirtWin10\.stmcufinder\plugins\mcufinder
2025-07-27 10:52:16,123 [INFO] DbMcusAds:125 - Set database path to: C:\Users\VirtWin10\.stmcufinder\plugins\mcufinder//mcu/
2025-07-27 10:52:16,123 [WARN] DbFile:41 - Overriding database path with different value: C:\Users\VirtWin10\.stmcufinder\plugins\mcufinder/ => C:\Users\VirtWin10\.stmcufinder\plugins\mcufinder
2025-07-27 10:52:16,123 [WARN] DbFile:41 - Overriding database path with different value: C:\Users\VirtWin10\.stmcufinder\plugins\mcufinder/ => C:\Users\VirtWin10\.stmcufinder\plugins\mcufinder
2025-07-27 10:52:16,125 [INFO] CrossReferenceDbSqlite:203 - Set database path to: C:\Users\VirtWin10\.stmcufinder\plugins\mcufinder//mcu/cs/
2025-07-27 10:52:16,331 [INFO] ApplicationProperties:184 - Using Application install path: C:\ST\STM32CubeIDE_1.18.1\STM32CubeIDE\plugins\com.st.stm32cube.common.mx_6.14.1.202504091515
2025-07-27 10:52:16,339 [INFO] PluginManage:196 - Search for loadable plugins [exclusion list=, ]
2025-07-27 10:52:16,348 [INFO] PluginManage:310 - Check plugin analytics
2025-07-27 10:52:17,804 [INFO] AnalyticsPlugin:253 - Accepted Software Licenses: STM32CubeMX.6.14.1,STM32CubeMX.6.12.0
2025-07-27 10:52:17,805 [INFO] AnalyticsPlugin:255 - Accepted CMSIS Pack Licenses: 
2025-07-27 10:52:17,806 [INFO] AnalyticsPlugin:257 - Accepted Firmware Licenses: FW.MP13.1.2.0,FW.MP1.1.7.0,FW.H7RS.1.2.0,FW.H7.1.12.0,FW.H5.1.5.0,FW.G4.1.6.0,FW.C0.1.4.0,FW.WL.1.3.0,FW.WBA.1.3.0,FW.L4.1.18.0,FW.F7.1.17.0,FW.F4.1.28.0
2025-07-27 10:52:17,815 [INFO] PluginManage:359 - Loaded plugin analytics (category:tool,tabindex:-1)
2025-07-27 10:52:17,817 [INFO] PluginManage:310 - Check plugin cadmodel
2025-07-27 10:52:17,961 [INFO] CADModel:105 - Init CAD model plugin
2025-07-27 10:52:17,963 [INFO] PluginManage:359 - Loaded plugin cadmodel (category:power,tabindex:5)
2025-07-27 10:52:17,963 [INFO] PluginManage:310 - Check plugin clock
2025-07-27 10:52:18,106 [INFO] PluginManage:359 - Loaded plugin clock (category:base,tabindex:2)
2025-07-27 10:52:18,108 [INFO] PluginManage:310 - Check plugin ddr
2025-07-27 10:52:18,117 [INFO] PluginManage:359 - Loaded plugin ddr (category:tool,tabindex:6)
2025-07-27 10:52:18,118 [INFO] PluginManage:310 - Check plugin filemanager
2025-07-27 10:52:19,170 [INFO] PluginManage:359 - Loaded plugin filemanager (category:base,tabindex:10)
2025-07-27 10:52:19,171 [INFO] PluginManage:310 - Check plugin ipmanager
2025-07-27 10:52:19,201 [INFO] PluginManage:359 - Loaded plugin ipmanager (category:base,tabindex:5)
2025-07-27 10:52:19,202 [INFO] PluginManage:310 - Check plugin lpbam
2025-07-27 10:52:19,315 [INFO] PluginManage:359 - Loaded plugin lpbam (category:base,tabindex:0)
2025-07-27 10:52:19,316 [INFO] PluginManage:310 - Check plugin memorymap
2025-07-27 10:52:19,499 [INFO] PluginManage:359 - Loaded plugin memorymap (category:base,tabindex:4)
2025-07-27 10:52:19,500 [INFO] PluginManage:310 - Check plugin pinoutandconfiguration
2025-07-27 10:52:19,641 [INFO] PluginManage:359 - Loaded plugin pinoutandconfiguration (category:base,tabindex:1)
2025-07-27 10:52:19,642 [INFO] PluginManage:310 - Check plugin pinoutconfig
2025-07-27 10:52:20,284 [WARN] SupportedApi:132 - Cannot load RTOS API schema: s4s-elt-must-match.1: The content of 'definitions' must match (annotation?, (simpleType | complexType)?, (unique | key | keyref)*)). A problem was found starting at: attribute.
2025-07-27 10:52:21,178 [INFO] PluginManage:359 - Loaded plugin pinoutconfig (category:base,tabindex:0)
2025-07-27 10:52:21,178 [INFO] PluginManage:310 - Check plugin power
2025-07-27 10:52:21,335 [INFO] PluginManage:359 - Loaded plugin power (category:power,tabindex:4)
2025-07-27 10:52:21,336 [INFO] PluginManage:310 - Check plugin projectmanager
2025-07-27 10:52:21,451 [INFO] PluginManage:359 - Loaded plugin projectmanager (category:projectmanager,tabindex:4)
2025-07-27 10:52:21,452 [INFO] PluginManage:310 - Check plugin rif
2025-07-27 10:52:21,559 [INFO] PluginManage:359 - Loaded plugin rif (category:base,tabindex:3)
2025-07-27 10:52:21,559 [INFO] PluginManage:310 - Check plugin thirdparty
2025-07-27 10:52:23,678 [INFO] PluginManage:359 - Loaded plugin thirdparty (category:base,tabindex:-1)
2025-07-27 10:52:23,678 [INFO] PluginManage:310 - Check plugin tools
2025-07-27 10:52:23,677 [WARN] IntegrityCheckThread:84 - waiting for thirdparty lock release [integrity check]
2025-07-27 10:52:23,680 [INFO] IntegrityCheckThread:86 - entering critical section [integrity check]
2025-07-27 10:52:23,681 [INFO] ThirdPartyUpdaterWithRetryManager:70 - Updater plugin not ready yet. [1/15]
2025-07-27 10:52:24,024 [INFO] PluginManage:359 - Loaded plugin tools (category:base,tabindex:7)
2025-07-27 10:52:24,025 [INFO] PluginManage:310 - Check plugin tutovideos
2025-07-27 10:52:25,267 [INFO] PluginManage:359 - Loaded plugin tutovideos (category:base,tabindex:-1)
2025-07-27 10:52:25,269 [INFO] PluginManage:310 - Check plugin updater
2025-07-27 10:52:25,513 [INFO] PluginManage:359 - Loaded plugin updater (category:base,tabindex:12)
2025-07-27 10:52:25,515 [INFO] PluginManage:310 - Check plugin userauth
2025-07-27 10:52:25,547 [INFO] UserAuth:118 - Init User Auth plugin
2025-07-27 10:52:25,552 [INFO] PluginManage:359 - Loaded plugin userauth (category:base,tabindex:14)
2025-07-27 10:52:25,553 [INFO] PluginManage:283 - PluginManage : Loaded plugins [18]
2025-07-27 10:52:26,888 [INFO] PinOutPanel:1589 - setPackage(No Configuration,No Configuration)
2025-07-27 10:52:27,473 [INFO] CADModel:165 - CPN selected for project level
2025-07-27 10:52:27,473 [INFO] CADModel:114 - Register for checkConnection events
2025-07-27 10:52:27,616 [INFO] IPUIPlugin:80 - create IPUIPlugin
2025-07-27 10:52:27,618 [INFO] PluginManager:220 - loadIPPluginJar : add adc
2025-07-27 10:52:27,911 [INFO] IPUIPlugin:80 - create IPUIPlugin
2025-07-27 10:52:27,911 [INFO] PluginManager:220 - loadIPPluginJar : add aes
2025-07-27 10:52:28,186 [INFO] ThirdPartyUpdaterWithRetryManager:70 - Updater plugin not ready yet. [2/15]
2025-07-27 10:52:28,240 [INFO] IPUIPlugin:80 - create IPUIPlugin
2025-07-27 10:52:28,240 [INFO] PluginManager:220 - loadIPPluginJar : add can
2025-07-27 10:52:28,454 [INFO] IPUIPlugin:80 - create IPUIPlugin
2025-07-27 10:52:28,454 [INFO] PluginManager:220 - loadIPPluginJar : add comp
2025-07-27 10:52:28,792 [INFO] IPUIPlugin:80 - create IPUIPlugin
2025-07-27 10:52:28,793 [INFO] PluginManager:220 - loadIPPluginJar : add cryp
2025-07-27 10:52:28,873 [INFO] IPUIPlugin:80 - create IPUIPlugin
2025-07-27 10:52:28,873 [INFO] PluginManager:220 - loadIPPluginJar : add ddr_ctrl_phy
2025-07-27 10:52:29,180 [INFO] IPUIPlugin:80 - create IPUIPlugin
2025-07-27 10:52:29,180 [INFO] PluginManager:220 - loadIPPluginJar : add dfsdm
2025-07-27 10:52:29,270 [INFO] IPUIPlugin:80 - create IPUIPlugin
2025-07-27 10:52:29,273 [INFO] PluginManager:220 - loadIPPluginJar : add dma
2025-07-27 10:52:29,604 [INFO] IPUIPlugin:80 - create IPUIPlugin
2025-07-27 10:52:29,604 [INFO] PluginManager:220 - loadIPPluginJar : add dma3
2025-07-27 10:52:29,999 [INFO] IPUIPlugin:80 - create IPUIPlugin
2025-07-27 10:52:30,000 [INFO] PluginManager:220 - loadIPPluginJar : add extmemmanager
2025-07-27 10:52:30,250 [INFO] IPUIPlugin:80 - create IPUIPlugin
2025-07-27 10:52:30,252 [INFO] PluginManager:220 - loadIPPluginJar : add fatfs
2025-07-27 10:52:30,651 [INFO] IPUIPlugin:80 - create IPUIPlugin
2025-07-27 10:52:30,652 [INFO] PluginManager:220 - loadIPPluginJar : add fmc
2025-07-27 10:52:30,791 [INFO] IPUIPlugin:80 - create IPUIPlugin
2025-07-27 10:52:30,791 [INFO] PluginManager:220 - loadIPPluginJar : add freertos
2025-07-27 10:52:30,951 [INFO] IPUIPlugin:80 - create IPUIPlugin
2025-07-27 10:52:30,953 [INFO] PluginManager:220 - loadIPPluginJar : add genericplugin
2025-07-27 10:52:31,874 [INFO] IPUIPlugin:80 - create IPUIPlugin
2025-07-27 10:52:31,876 [INFO] PluginManager:220 - loadIPPluginJar : add gfxmmu
2025-07-27 10:52:32,710 [INFO] ThirdPartyUpdaterWithRetryManager:70 - Updater plugin not ready yet. [3/15]
2025-07-27 10:52:33,260 [INFO] IPUIPlugin:80 - create IPUIPlugin
2025-07-27 10:52:33,260 [INFO] PluginManager:220 - loadIPPluginJar : add gic
2025-07-27 10:52:33,352 [INFO] IPUIPlugin:80 - create IPUIPlugin
2025-07-27 10:52:33,353 [INFO] PluginManager:220 - loadIPPluginJar : add gpio
2025-07-27 10:52:34,179 [INFO] IPUIPlugin:80 - create IPUIPlugin
2025-07-27 10:52:34,179 [INFO] PluginManager:220 - loadIPPluginJar : add gtzc
2025-07-27 10:52:34,431 [INFO] IPUIPlugin:80 - create IPUIPlugin
2025-07-27 10:52:34,432 [INFO] PluginManager:220 - loadIPPluginJar : add hash
2025-07-27 10:52:34,925 [INFO] IPUIPlugin:80 - create IPUIPlugin
2025-07-27 10:52:34,925 [INFO] PluginManager:220 - loadIPPluginJar : add i2c
2025-07-27 10:52:35,289 [INFO] IPUIPlugin:80 - create IPUIPlugin
2025-07-27 10:52:35,289 [INFO] PluginManager:220 - loadIPPluginJar : add i2s
2025-07-27 10:52:35,692 [INFO] IPUIPlugin:80 - create IPUIPlugin
2025-07-27 10:52:35,692 [INFO] PluginManager:220 - loadIPPluginJar : add i3c
2025-07-27 10:52:36,681 [INFO] IPUIPlugin:80 - create IPUIPlugin
2025-07-27 10:52:36,683 [INFO] PluginManager:220 - loadIPPluginJar : add ipddr
2025-07-27 10:52:37,213 [INFO] ThirdPartyUpdaterWithRetryManager:70 - Updater plugin not ready yet. [4/15]
2025-07-27 10:52:37,498 [INFO] IPUIPlugin:80 - create IPUIPlugin
2025-07-27 10:52:37,498 [INFO] PluginManager:220 - loadIPPluginJar : add linkedlist
2025-07-27 10:52:37,802 [INFO] IPUIPlugin:80 - create IPUIPlugin
2025-07-27 10:52:37,802 [INFO] PluginManager:220 - loadIPPluginJar : add lorawan
2025-07-27 10:52:38,132 [INFO] IPUIPlugin:80 - create IPUIPlugin
2025-07-27 10:52:38,133 [INFO] PluginManager:220 - loadIPPluginJar : add ltdc
2025-07-27 10:52:38,239 [INFO] IPUIPlugin:80 - create IPUIPlugin
2025-07-27 10:52:38,240 [INFO] PluginManager:220 - loadIPPluginJar : add mdma
2025-07-27 10:52:38,315 [INFO] IPUIPlugin:80 - create IPUIPlugin
2025-07-27 10:52:38,316 [INFO] PluginManager:220 - loadIPPluginJar : add nvic
2025-07-27 10:52:38,599 [INFO] IPUIPlugin:80 - create IPUIPlugin
2025-07-27 10:52:38,599 [INFO] PluginManager:220 - loadIPPluginJar : add opamp
2025-07-27 10:52:39,135 [INFO] IPUIPlugin:80 - create IPUIPlugin
2025-07-27 10:52:39,138 [INFO] PluginManager:220 - loadIPPluginJar : add openamp
2025-07-27 10:52:39,500 [INFO] IPUIPlugin:80 - create IPUIPlugin
2025-07-27 10:52:39,500 [INFO] PluginManager:220 - loadIPPluginJar : add pdm2pcm
2025-07-27 10:52:39,637 [INFO] IPUIPlugin:80 - create IPUIPlugin
2025-07-27 10:52:39,649 [INFO] PluginManager:220 - loadIPPluginJar : add plateformsettings
2025-07-27 10:52:39,855 [INFO] IPUIPlugin:80 - create IPUIPlugin
2025-07-27 10:52:39,855 [INFO] PluginManager:220 - loadIPPluginJar : add quadspi
2025-07-27 10:52:40,074 [INFO] IPUIPlugin:80 - create IPUIPlugin
2025-07-27 10:52:40,076 [INFO] PluginManager:220 - loadIPPluginJar : add radio
2025-07-27 10:52:40,242 [INFO] IPUIPlugin:80 - create IPUIPlugin
2025-07-27 10:52:40,243 [INFO] PluginManager:220 - loadIPPluginJar : add resmgrutility
2025-07-27 10:52:40,704 [INFO] IPUIPlugin:80 - create IPUIPlugin
2025-07-27 10:52:40,706 [INFO] PluginManager:220 - loadIPPluginJar : add sai
2025-07-27 10:52:41,035 [INFO] IPUIPlugin:80 - create IPUIPlugin
2025-07-27 10:52:41,037 [INFO] PluginManager:220 - loadIPPluginJar : add spi
2025-07-27 10:52:41,673 [INFO] IPUIPlugin:80 - create IPUIPlugin
2025-07-27 10:52:41,674 [INFO] PluginManager:220 - loadIPPluginJar : add stm32_wpan
2025-07-27 10:52:41,716 [INFO] ThirdPartyUpdaterWithRetryManager:70 - Updater plugin not ready yet. [5/15]
2025-07-27 10:52:41,936 [INFO] IPUIPlugin:80 - create IPUIPlugin
2025-07-27 10:52:41,936 [INFO] PluginManager:220 - loadIPPluginJar : add tim
2025-07-27 10:52:42,576 [INFO] IPUIPlugin:80 - create IPUIPlugin
2025-07-27 10:52:42,576 [INFO] PluginManager:220 - loadIPPluginJar : add touchsensing
2025-07-27 10:52:42,810 [INFO] IPUIPlugin:80 - create IPUIPlugin
2025-07-27 10:52:42,810 [INFO] PluginManager:220 - loadIPPluginJar : add tracer_emb
2025-07-27 10:52:42,989 [INFO] IPUIPlugin:80 - create IPUIPlugin
2025-07-27 10:52:42,989 [INFO] PluginManager:220 - loadIPPluginJar : add ts
2025-07-27 10:52:43,191 [INFO] IPUIPlugin:80 - create IPUIPlugin
2025-07-27 10:52:43,191 [INFO] PluginManager:220 - loadIPPluginJar : add tsc
2025-07-27 10:52:43,375 [INFO] IPUIPlugin:80 - create IPUIPlugin
2025-07-27 10:52:43,377 [INFO] PluginManager:220 - loadIPPluginJar : add ucpd
2025-07-27 10:52:43,753 [INFO] IPUIPlugin:80 - create IPUIPlugin
2025-07-27 10:52:43,754 [INFO] PluginManager:220 - loadIPPluginJar : add usart
2025-07-27 10:52:44,170 [INFO] IPUIPlugin:80 - create IPUIPlugin
2025-07-27 10:52:44,172 [INFO] PluginManager:220 - loadIPPluginJar : add usbx
2025-07-27 10:52:44,624 [FATAL] Updater:351 - Updater called before beeing initialized
2025-07-27 10:52:44,806 [INFO] RulesReader:64 - Compatibility file has been processed (302 Rules)
2025-07-27 10:52:44,930 [INFO] RulesReader:64 - Compatibility file has been processed (302 Rules)
2025-07-27 10:52:44,961 [INFO] CADModel:165 - CPN selected for project level
2025-07-27 10:52:44,962 [INFO] CADModel:114 - Register for checkConnection events
2025-07-27 10:52:44,962 [FATAL] Updater:351 - Updater called before beeing initialized
2025-07-27 10:52:44,964 [ERROR] CADModel:125 - Updater not yet initialized, retry later 
2025-07-27 10:52:45,976 [FATAL] Updater:351 - Updater called before beeing initialized
2025-07-27 10:52:45,993 [INFO] CADModel:165 - CPN selected for project level
2025-07-27 10:52:45,993 [INFO] CADModel:114 - Register for checkConnection events
2025-07-27 10:52:45,994 [FATAL] Updater:351 - Updater called before beeing initialized
2025-07-27 10:52:45,994 [ERROR] CADModel:125 - Updater not yet initialized, retry later 
2025-07-27 10:52:46,012 [FATAL] Updater:351 - Updater called before beeing initialized
2025-07-27 10:52:46,218 [INFO] ThirdPartyUpdaterWithRetryManager:70 - Updater plugin not ready yet. [6/15]
2025-07-27 10:52:46,720 [FATAL] Updater:351 - Updater called before beeing initialized
2025-07-27 10:52:46,838 [INFO] DbMcusAds:53 - JSON generation date=Tue Jul 08 11:14:23 MSK 2025 (1751962463524)
2025-07-27 10:52:46,838 [FATAL] Updater:351 - Updater called before beeing initialized
2025-07-27 10:52:47,380 [WARN] DetailPanel:346 - Failed to get advertising image, set to default
2025-07-27 10:52:50,106 [FATAL] Updater:351 - Updater called before beeing initialized
2025-07-27 10:52:50,116 [FATAL] Updater:351 - Updater called before beeing initialized
2025-07-27 10:52:50,116 [FATAL] Updater:351 - Updater called before beeing initialized
2025-07-27 10:52:50,116 [WARN] DetailPanel:346 - Failed to get advertising image, set to default
2025-07-27 10:52:50,121 [FATAL] Updater:351 - Updater called before beeing initialized
2025-07-27 10:52:50,466 [ERROR] Updater:1198 - MainUpdater not yet initialized. External WinMGr cannot be set.
2025-07-27 10:52:50,534 [INFO] Updater:1134 - Updater Version found : 6.14.1
2025-07-27 10:52:50,633 [INFO] ApplicationProperties:184 - Using Application install path: C:\ST\STM32CubeIDE_1.18.1\STM32CubeIDE\plugins\com.st.stm32cube.common.mx_6.14.1.202504091515
2025-07-27 10:52:50,722 [FATAL] Updater:351 - Updater called before beeing initialized
2025-07-27 10:52:50,724 [ERROR] IntegrityCheckThread:130 - Cannot retrieve database content from updater: error 21
2025-07-27 10:52:50,724 [INFO] ThirdParty:978 - Integrity check success = false
2025-07-27 10:52:50,725 [INFO] IntegrityCheckThread:100 - exiting critical section [integrity check]
2025-07-27 10:52:50,725 [INFO] IntegrityCheckThread:103 - End integrity checks thread
2025-07-27 10:52:53,146 [INFO] MainUpdater:2872 - connection check result : 10
2025-07-27 10:52:53,149 [INFO] MainUpdater:289 - Updater Check For Update Now.
2025-07-27 10:52:53,150 [INFO] MicroXplorer:498 - Change Database Version : DB.6.0.141
2025-07-27 10:52:53,273 [INFO] McuFinderGlobals:63 - Set McuFinder mode to 2 (CubeIDE integrated)
2025-07-27 10:52:53,276 [INFO] UserAuth:171 - activating auth plugin
2025-07-27 10:52:53,333 [INFO] UserAuth:484 - Internet connection configuration mode: 1
2025-07-27 10:52:53,645 [INFO] JxBrowserEngine:152 - Initiate JxBrowser Engine with user profile folder
2025-07-27 10:52:54,378 [INFO] CheckServerUpdateThread:120 - End of CheckServer Thread
2025-07-27 10:53:03,957 [INFO] WebApp:169 - Instantiating new browser for Auth
2025-07-27 10:53:08,615 [INFO] WebApp:463 - Apply proxy settings
2025-07-27 10:53:08,617 [INFO] WebApp:548 - Chromium requires no authentication
2025-07-27 10:53:08,659 [INFO] WebApp:491 - Direct internet connection detected
2025-07-27 10:53:08,794 [INFO] WebApp:894 - Register for checkConnection events
2025-07-27 10:53:08,795 [INFO] WebApp:463 - Apply proxy settings
2025-07-27 10:53:08,795 [INFO] WebApp:548 - Chromium requires no authentication
2025-07-27 10:53:08,797 [INFO] WebApp:491 - Direct internet connection detected
2025-07-27 10:53:09,845 [INFO] WebApp:225 - Starting web application
2025-07-27 10:53:09,845 [INFO] WebApp:593 - Web application path used C:\ST\STM32CubeIDE_1.18.1\STM32CubeIDE\plugins\com.st.stm32cube.common.mx_6.14.1.202504091515\db\plugins\mcufinder\reactClient1\index.html
2025-07-27 10:53:10,643 [INFO] WebApp:191 - Connection restablished
2025-07-27 16:37:21,335 [INFO] Activator:176 - 


2025-07-27 16:37:21,335 [INFO] Activator:177 - !SESSION log4j initialized
2025-07-27 16:38:34,673 [INFO] LogOutputStream:77 - [STDOUT_REDIRECT] 
2025-07-27 16:38:44,517 [INFO] ApplicationProperties:184 - Using Application install path: C:\ST\STM32CubeIDE_1.18.1\STM32CubeIDE\plugins\com.st.stm32cube.common.mx_6.14.1.202504091515
2025-07-27 16:38:44,614 [INFO] DbMcusXml:78 - Set database path to: C:\ST\STM32CubeIDE_1.18.1\STM32CubeIDE\plugins\com.st.stm32cube.common.mx_6.14.1.202504091515\\db\/mcu/
2025-07-27 16:38:44,615 [INFO] ApiDb:274 - Set plugin database path to: C:\ST\STM32CubeIDE_1.18.1\STM32CubeIDE\plugins\com.st.stm32cube.common.mx_6.14.1.202504091515\\db\/plugins/boardmanager/
2025-07-27 16:38:44,615 [WARN] ApiDb:259 - Overriding images path with different value:  => C:\ST\STM32CubeIDE_1.18.1\STM32CubeIDE\plugins\com.st.stm32cube.common.mx_6.14.1.202504091515\\db\/plugins/mcufinder/images/
2025-07-27 16:38:44,726 [INFO] ApiDb:250 - Set database path to: C:\Users\VirtWin10\.stmcufinder\plugins\mcufinder//mcu/
2025-07-27 16:38:44,731 [INFO] DbMcusAds:125 - Set database path to: C:\Users\VirtWin10\.stmcufinder\plugins\mcufinder//mcu/
2025-07-27 16:38:44,744 [INFO] CrossReferenceDbSqlite:203 - Set database path to: C:\Users\VirtWin10\.stmcufinder\plugins\mcufinder//mcu/cs/
2025-07-27 16:38:45,880 [INFO] RulesReader:64 - Compatibility file has been processed (302 Rules)
2025-07-27 16:38:47,004 [INFO] DbMcusXml:78 - Set database path to: C:\ST\STM32CubeIDE_1.18.1\STM32CubeIDE\plugins\com.st.stm32cube.common.mx_6.14.1.202504091515\\db\/mcu/
2025-07-27 16:38:47,005 [INFO] ApiDb:274 - Set plugin database path to: C:\ST\STM32CubeIDE_1.18.1\STM32CubeIDE\plugins\com.st.stm32cube.common.mx_6.14.1.202504091515\\db\/plugins/boardmanager/
2025-07-27 16:38:47,005 [INFO] ApiDb:261 - Set plugin images path to: C:\ST\STM32CubeIDE_1.18.1\STM32CubeIDE\plugins\com.st.stm32cube.common.mx_6.14.1.202504091515\\db\/plugins/mcufinder/images/
2025-07-27 16:38:47,007 [WARN] DbFile:41 - Overriding database path with different value: C:\Users\VirtWin10\.stmcufinder\plugins\mcufinder/ => C:\Users\VirtWin10\.stmcufinder\plugins\mcufinder
2025-07-27 16:38:47,008 [INFO] ApiDb:250 - Set database path to: C:\Users\VirtWin10\.stmcufinder\plugins\mcufinder//mcu/
2025-07-27 16:38:47,008 [WARN] DbFile:41 - Overriding database path with different value: C:\Users\VirtWin10\.stmcufinder\plugins\mcufinder/ => C:\Users\VirtWin10\.stmcufinder\plugins\mcufinder
2025-07-27 16:38:47,009 [INFO] DbMcusAds:125 - Set database path to: C:\Users\VirtWin10\.stmcufinder\plugins\mcufinder//mcu/
2025-07-27 16:38:47,009 [WARN] DbFile:41 - Overriding database path with different value: C:\Users\VirtWin10\.stmcufinder\plugins\mcufinder/ => C:\Users\VirtWin10\.stmcufinder\plugins\mcufinder
2025-07-27 16:38:47,010 [WARN] DbFile:41 - Overriding database path with different value: C:\Users\VirtWin10\.stmcufinder\plugins\mcufinder/ => C:\Users\VirtWin10\.stmcufinder\plugins\mcufinder
2025-07-27 16:38:47,011 [INFO] CrossReferenceDbSqlite:203 - Set database path to: C:\Users\VirtWin10\.stmcufinder\plugins\mcufinder//mcu/cs/
2025-07-27 16:38:47,926 [INFO] MainPanel:272 - HeapMemory: 268435456
2025-07-27 16:38:48,652 [INFO] DbMcusXml:78 - Set database path to: C:\ST\STM32CubeIDE_1.18.1\STM32CubeIDE\plugins\com.st.stm32cube.common.mx_6.14.1.202504091515\\db\/mcu/
2025-07-27 16:38:48,652 [INFO] ApiDb:274 - Set plugin database path to: C:\ST\STM32CubeIDE_1.18.1\STM32CubeIDE\plugins\com.st.stm32cube.common.mx_6.14.1.202504091515\\db\/plugins/boardmanager/
2025-07-27 16:38:48,652 [INFO] ApiDb:261 - Set plugin images path to: C:\ST\STM32CubeIDE_1.18.1\STM32CubeIDE\plugins\com.st.stm32cube.common.mx_6.14.1.202504091515\\db\/plugins/mcufinder/images/
2025-07-27 16:38:48,654 [WARN] DbFile:41 - Overriding database path with different value: C:\Users\VirtWin10\.stmcufinder\plugins\mcufinder/ => C:\Users\VirtWin10\.stmcufinder\plugins\mcufinder
2025-07-27 16:38:48,654 [INFO] ApiDb:250 - Set database path to: C:\Users\VirtWin10\.stmcufinder\plugins\mcufinder//mcu/
2025-07-27 16:38:48,656 [WARN] DbFile:41 - Overriding database path with different value: C:\Users\VirtWin10\.stmcufinder\plugins\mcufinder/ => C:\Users\VirtWin10\.stmcufinder\plugins\mcufinder
2025-07-27 16:38:48,656 [INFO] DbMcusAds:125 - Set database path to: C:\Users\VirtWin10\.stmcufinder\plugins\mcufinder//mcu/
2025-07-27 16:38:48,657 [WARN] DbFile:41 - Overriding database path with different value: C:\Users\VirtWin10\.stmcufinder\plugins\mcufinder/ => C:\Users\VirtWin10\.stmcufinder\plugins\mcufinder
2025-07-27 16:38:48,657 [WARN] DbFile:41 - Overriding database path with different value: C:\Users\VirtWin10\.stmcufinder\plugins\mcufinder/ => C:\Users\VirtWin10\.stmcufinder\plugins\mcufinder
2025-07-27 16:38:48,658 [INFO] CrossReferenceDbSqlite:203 - Set database path to: C:\Users\VirtWin10\.stmcufinder\plugins\mcufinder//mcu/cs/
2025-07-27 16:38:48,876 [INFO] ApplicationProperties:184 - Using Application install path: C:\ST\STM32CubeIDE_1.18.1\STM32CubeIDE\plugins\com.st.stm32cube.common.mx_6.14.1.202504091515
2025-07-27 16:38:48,882 [INFO] PluginManage:196 - Search for loadable plugins [exclusion list=, ]
2025-07-27 16:38:48,910 [INFO] PluginManage:310 - Check plugin analytics
2025-07-27 16:38:50,239 [INFO] AnalyticsPlugin:253 - Accepted Software Licenses: STM32CubeMX.6.14.1,STM32CubeMX.6.12.0
2025-07-27 16:38:50,240 [INFO] AnalyticsPlugin:255 - Accepted CMSIS Pack Licenses: 
2025-07-27 16:38:50,242 [INFO] AnalyticsPlugin:257 - Accepted Firmware Licenses: FW.MP13.1.2.0,FW.MP1.1.7.0,FW.H7RS.1.2.0,FW.H7.1.12.0,FW.H5.1.5.0,FW.G4.1.6.0,FW.C0.1.4.0,FW.WL.1.3.0,FW.WBA.1.3.0,FW.L4.1.18.0,FW.F7.1.17.0,FW.F4.1.28.0
2025-07-27 16:38:50,260 [INFO] PluginManage:359 - Loaded plugin analytics (category:tool,tabindex:-1)
2025-07-27 16:38:50,261 [INFO] PluginManage:310 - Check plugin cadmodel
2025-07-27 16:38:50,382 [INFO] CADModel:105 - Init CAD model plugin
2025-07-27 16:38:50,383 [INFO] PluginManage:359 - Loaded plugin cadmodel (category:power,tabindex:5)
2025-07-27 16:38:50,385 [INFO] PluginManage:310 - Check plugin clock
2025-07-27 16:38:50,634 [INFO] PluginManage:359 - Loaded plugin clock (category:base,tabindex:2)
2025-07-27 16:38:50,635 [INFO] PluginManage:310 - Check plugin ddr
2025-07-27 16:38:50,666 [INFO] PluginManage:359 - Loaded plugin ddr (category:tool,tabindex:6)
2025-07-27 16:38:50,668 [INFO] PluginManage:310 - Check plugin filemanager
2025-07-27 16:38:52,376 [INFO] PluginManage:359 - Loaded plugin filemanager (category:base,tabindex:10)
2025-07-27 16:38:52,377 [INFO] PluginManage:310 - Check plugin ipmanager
2025-07-27 16:38:52,471 [INFO] PluginManage:359 - Loaded plugin ipmanager (category:base,tabindex:5)
2025-07-27 16:38:52,473 [INFO] PluginManage:310 - Check plugin lpbam
2025-07-27 16:38:52,580 [INFO] PluginManage:359 - Loaded plugin lpbam (category:base,tabindex:0)
2025-07-27 16:38:52,581 [INFO] PluginManage:310 - Check plugin memorymap
2025-07-27 16:38:52,702 [INFO] PluginManage:359 - Loaded plugin memorymap (category:base,tabindex:4)
2025-07-27 16:38:52,702 [INFO] PluginManage:310 - Check plugin pinoutandconfiguration
2025-07-27 16:38:52,805 [INFO] PluginManage:359 - Loaded plugin pinoutandconfiguration (category:base,tabindex:1)
2025-07-27 16:38:52,805 [INFO] PluginManage:310 - Check plugin pinoutconfig
2025-07-27 16:38:53,415 [WARN] SupportedApi:132 - Cannot load RTOS API schema: s4s-elt-must-match.1: The content of 'definitions' must match (annotation?, (simpleType | complexType)?, (unique | key | keyref)*)). A problem was found starting at: attribute.
2025-07-27 16:38:55,179 [INFO] PluginManage:359 - Loaded plugin pinoutconfig (category:base,tabindex:0)
2025-07-27 16:38:55,179 [INFO] PluginManage:310 - Check plugin power
2025-07-27 16:38:55,329 [INFO] PluginManage:359 - Loaded plugin power (category:power,tabindex:4)
2025-07-27 16:38:55,329 [INFO] PluginManage:310 - Check plugin projectmanager
2025-07-27 16:38:55,454 [INFO] PluginManage:359 - Loaded plugin projectmanager (category:projectmanager,tabindex:4)
2025-07-27 16:38:55,456 [INFO] PluginManage:310 - Check plugin rif
2025-07-27 16:38:55,979 [INFO] PluginManage:359 - Loaded plugin rif (category:base,tabindex:3)
2025-07-27 16:38:55,981 [INFO] PluginManage:310 - Check plugin thirdparty
2025-07-27 16:38:58,525 [INFO] PluginManage:359 - Loaded plugin thirdparty (category:base,tabindex:-1)
2025-07-27 16:38:58,525 [WARN] IntegrityCheckThread:84 - waiting for thirdparty lock release [integrity check]
2025-07-27 16:38:58,527 [INFO] PluginManage:310 - Check plugin tools
2025-07-27 16:38:58,527 [INFO] IntegrityCheckThread:86 - entering critical section [integrity check]
2025-07-27 16:38:58,528 [INFO] ThirdPartyUpdaterWithRetryManager:70 - Updater plugin not ready yet. [1/15]
2025-07-27 16:38:58,829 [INFO] PluginManage:359 - Loaded plugin tools (category:base,tabindex:7)
2025-07-27 16:38:58,829 [INFO] PluginManage:310 - Check plugin tutovideos
2025-07-27 16:39:00,593 [INFO] PluginManage:359 - Loaded plugin tutovideos (category:base,tabindex:-1)
2025-07-27 16:39:00,595 [INFO] PluginManage:310 - Check plugin updater
2025-07-27 16:39:01,007 [INFO] PluginManage:359 - Loaded plugin updater (category:base,tabindex:12)
2025-07-27 16:39:01,036 [INFO] PluginManage:310 - Check plugin userauth
2025-07-27 16:39:01,286 [INFO] UserAuth:118 - Init User Auth plugin
2025-07-27 16:39:01,291 [INFO] PluginManage:359 - Loaded plugin userauth (category:base,tabindex:14)
2025-07-27 16:39:01,292 [INFO] PluginManage:283 - PluginManage : Loaded plugins [18]
2025-07-27 16:39:02,351 [INFO] ThirdPartyUpdaterWithRetryManager:70 - Updater plugin not ready yet. [2/15]
2025-07-27 16:39:04,508 [INFO] PinOutPanel:1589 - setPackage(No Configuration,No Configuration)
2025-07-27 16:39:05,988 [INFO] CADModel:165 - CPN selected for project level
2025-07-27 16:39:05,989 [INFO] CADModel:114 - Register for checkConnection events
2025-07-27 16:39:05,998 [INFO] ThirdPartyUpdaterWithRetryManager:70 - Updater plugin not ready yet. [3/15]
2025-07-27 16:39:06,131 [INFO] IPUIPlugin:80 - create IPUIPlugin
2025-07-27 16:39:06,132 [INFO] PluginManager:220 - loadIPPluginJar : add adc
2025-07-27 16:39:06,443 [INFO] IPUIPlugin:80 - create IPUIPlugin
2025-07-27 16:39:06,443 [INFO] PluginManager:220 - loadIPPluginJar : add aes
2025-07-27 16:39:06,770 [INFO] IPUIPlugin:80 - create IPUIPlugin
2025-07-27 16:39:06,771 [INFO] PluginManager:220 - loadIPPluginJar : add can
2025-07-27 16:39:06,971 [INFO] IPUIPlugin:80 - create IPUIPlugin
2025-07-27 16:39:06,971 [INFO] PluginManager:220 - loadIPPluginJar : add comp
2025-07-27 16:39:07,215 [INFO] IPUIPlugin:80 - create IPUIPlugin
2025-07-27 16:39:07,216 [INFO] PluginManager:220 - loadIPPluginJar : add cryp
2025-07-27 16:39:07,292 [INFO] IPUIPlugin:80 - create IPUIPlugin
2025-07-27 16:39:07,293 [INFO] PluginManager:220 - loadIPPluginJar : add ddr_ctrl_phy
2025-07-27 16:39:07,539 [INFO] IPUIPlugin:80 - create IPUIPlugin
2025-07-27 16:39:07,540 [INFO] PluginManager:220 - loadIPPluginJar : add dfsdm
2025-07-27 16:39:07,649 [INFO] IPUIPlugin:80 - create IPUIPlugin
2025-07-27 16:39:07,653 [INFO] PluginManager:220 - loadIPPluginJar : add dma
2025-07-27 16:39:07,998 [INFO] IPUIPlugin:80 - create IPUIPlugin
2025-07-27 16:39:07,999 [INFO] PluginManager:220 - loadIPPluginJar : add dma3
2025-07-27 16:39:08,343 [INFO] IPUIPlugin:80 - create IPUIPlugin
2025-07-27 16:39:08,343 [INFO] PluginManager:220 - loadIPPluginJar : add extmemmanager
2025-07-27 16:39:08,553 [INFO] IPUIPlugin:80 - create IPUIPlugin
2025-07-27 16:39:08,554 [INFO] PluginManager:220 - loadIPPluginJar : add fatfs
2025-07-27 16:39:08,958 [INFO] IPUIPlugin:80 - create IPUIPlugin
2025-07-27 16:39:08,961 [INFO] PluginManager:220 - loadIPPluginJar : add fmc
2025-07-27 16:39:09,052 [INFO] IPUIPlugin:80 - create IPUIPlugin
2025-07-27 16:39:09,053 [INFO] PluginManager:220 - loadIPPluginJar : add freertos
2025-07-27 16:39:09,181 [INFO] IPUIPlugin:80 - create IPUIPlugin
2025-07-27 16:39:09,181 [INFO] PluginManager:220 - loadIPPluginJar : add genericplugin
2025-07-27 16:39:09,647 [INFO] ThirdPartyUpdaterWithRetryManager:70 - Updater plugin not ready yet. [4/15]
2025-07-27 16:39:09,921 [INFO] IPUIPlugin:80 - create IPUIPlugin
2025-07-27 16:39:09,922 [INFO] PluginManager:220 - loadIPPluginJar : add gfxmmu
2025-07-27 16:39:11,047 [INFO] IPUIPlugin:80 - create IPUIPlugin
2025-07-27 16:39:11,047 [INFO] PluginManager:220 - loadIPPluginJar : add gic
2025-07-27 16:39:11,122 [INFO] IPUIPlugin:80 - create IPUIPlugin
2025-07-27 16:39:11,125 [INFO] PluginManager:220 - loadIPPluginJar : add gpio
2025-07-27 16:39:11,878 [INFO] IPUIPlugin:80 - create IPUIPlugin
2025-07-27 16:39:11,879 [INFO] PluginManager:220 - loadIPPluginJar : add gtzc
2025-07-27 16:39:12,127 [INFO] IPUIPlugin:80 - create IPUIPlugin
2025-07-27 16:39:12,127 [INFO] PluginManager:220 - loadIPPluginJar : add hash
2025-07-27 16:39:12,838 [INFO] IPUIPlugin:80 - create IPUIPlugin
2025-07-27 16:39:12,839 [INFO] PluginManager:220 - loadIPPluginJar : add i2c
2025-07-27 16:39:13,246 [INFO] ThirdPartyUpdaterWithRetryManager:70 - Updater plugin not ready yet. [5/15]
2025-07-27 16:39:13,286 [INFO] IPUIPlugin:80 - create IPUIPlugin
2025-07-27 16:39:13,289 [INFO] PluginManager:220 - loadIPPluginJar : add i2s
2025-07-27 16:39:13,694 [INFO] IPUIPlugin:80 - create IPUIPlugin
2025-07-27 16:39:13,695 [INFO] PluginManager:220 - loadIPPluginJar : add i3c
2025-07-27 16:39:14,752 [INFO] IPUIPlugin:80 - create IPUIPlugin
2025-07-27 16:39:14,753 [INFO] PluginManager:220 - loadIPPluginJar : add ipddr
2025-07-27 16:39:15,486 [INFO] IPUIPlugin:80 - create IPUIPlugin
2025-07-27 16:39:15,486 [INFO] PluginManager:220 - loadIPPluginJar : add linkedlist
2025-07-27 16:39:15,769 [INFO] IPUIPlugin:80 - create IPUIPlugin
2025-07-27 16:39:15,770 [INFO] PluginManager:220 - loadIPPluginJar : add lorawan
2025-07-27 16:39:16,058 [INFO] IPUIPlugin:80 - create IPUIPlugin
2025-07-27 16:39:16,058 [INFO] PluginManager:220 - loadIPPluginJar : add ltdc
2025-07-27 16:39:16,227 [INFO] IPUIPlugin:80 - create IPUIPlugin
2025-07-27 16:39:16,228 [INFO] PluginManager:220 - loadIPPluginJar : add mdma
2025-07-27 16:39:16,344 [INFO] IPUIPlugin:80 - create IPUIPlugin
2025-07-27 16:39:16,345 [INFO] PluginManager:220 - loadIPPluginJar : add nvic
2025-07-27 16:39:16,529 [INFO] ThirdPartyUpdaterWithRetryManager:70 - Updater plugin not ready yet. [6/15]
2025-07-27 16:39:16,654 [INFO] IPUIPlugin:80 - create IPUIPlugin
2025-07-27 16:39:16,654 [INFO] PluginManager:220 - loadIPPluginJar : add opamp
2025-07-27 16:39:17,162 [INFO] IPUIPlugin:80 - create IPUIPlugin
2025-07-27 16:39:17,162 [INFO] PluginManager:220 - loadIPPluginJar : add openamp
2025-07-27 16:39:17,535 [INFO] IPUIPlugin:80 - create IPUIPlugin
2025-07-27 16:39:17,535 [INFO] PluginManager:220 - loadIPPluginJar : add pdm2pcm
2025-07-27 16:39:17,798 [INFO] IPUIPlugin:80 - create IPUIPlugin
2025-07-27 16:39:17,816 [INFO] PluginManager:220 - loadIPPluginJar : add plateformsettings
2025-07-27 16:39:18,051 [INFO] IPUIPlugin:80 - create IPUIPlugin
2025-07-27 16:39:18,052 [INFO] PluginManager:220 - loadIPPluginJar : add quadspi
2025-07-27 16:39:18,255 [INFO] IPUIPlugin:80 - create IPUIPlugin
2025-07-27 16:39:18,257 [INFO] PluginManager:220 - loadIPPluginJar : add radio
2025-07-27 16:39:18,345 [INFO] IPUIPlugin:80 - create IPUIPlugin
2025-07-27 16:39:18,352 [INFO] PluginManager:220 - loadIPPluginJar : add resmgrutility
2025-07-27 16:39:18,654 [INFO] IPUIPlugin:80 - create IPUIPlugin
2025-07-27 16:39:18,655 [INFO] PluginManager:220 - loadIPPluginJar : add sai
2025-07-27 16:39:18,967 [INFO] IPUIPlugin:80 - create IPUIPlugin
2025-07-27 16:39:18,968 [INFO] PluginManager:220 - loadIPPluginJar : add spi
2025-07-27 16:39:19,636 [INFO] IPUIPlugin:80 - create IPUIPlugin
2025-07-27 16:39:19,637 [INFO] PluginManager:220 - loadIPPluginJar : add stm32_wpan
2025-07-27 16:39:19,812 [INFO] ThirdPartyUpdaterWithRetryManager:70 - Updater plugin not ready yet. [7/15]
2025-07-27 16:39:19,830 [INFO] IPUIPlugin:80 - create IPUIPlugin
2025-07-27 16:39:19,831 [INFO] PluginManager:220 - loadIPPluginJar : add tim
2025-07-27 16:39:20,415 [INFO] IPUIPlugin:80 - create IPUIPlugin
2025-07-27 16:39:20,415 [INFO] PluginManager:220 - loadIPPluginJar : add touchsensing
2025-07-27 16:39:20,616 [INFO] IPUIPlugin:80 - create IPUIPlugin
2025-07-27 16:39:20,616 [INFO] PluginManager:220 - loadIPPluginJar : add tracer_emb
2025-07-27 16:39:20,836 [INFO] IPUIPlugin:80 - create IPUIPlugin
2025-07-27 16:39:20,837 [INFO] PluginManager:220 - loadIPPluginJar : add ts
2025-07-27 16:39:20,994 [INFO] IPUIPlugin:80 - create IPUIPlugin
2025-07-27 16:39:20,995 [INFO] PluginManager:220 - loadIPPluginJar : add tsc
2025-07-27 16:39:21,266 [INFO] IPUIPlugin:80 - create IPUIPlugin
2025-07-27 16:39:21,266 [INFO] PluginManager:220 - loadIPPluginJar : add ucpd
2025-07-27 16:39:21,627 [INFO] IPUIPlugin:80 - create IPUIPlugin
2025-07-27 16:39:21,627 [INFO] PluginManager:220 - loadIPPluginJar : add usart
2025-07-27 16:39:22,123 [INFO] IPUIPlugin:80 - create IPUIPlugin
2025-07-27 16:39:22,124 [INFO] PluginManager:220 - loadIPPluginJar : add usbx
2025-07-27 16:39:23,093 [INFO] ThirdPartyUpdaterWithRetryManager:70 - Updater plugin not ready yet. [8/15]
2025-07-27 16:39:23,614 [FATAL] Updater:351 - Updater called before beeing initialized
2025-07-27 16:39:24,567 [INFO] RulesReader:64 - Compatibility file has been processed (302 Rules)
2025-07-27 16:39:24,655 [INFO] RulesReader:64 - Compatibility file has been processed (302 Rules)
2025-07-27 16:39:24,806 [INFO] CADModel:165 - CPN selected for project level
2025-07-27 16:39:24,806 [INFO] CADModel:114 - Register for checkConnection events
2025-07-27 16:39:24,806 [FATAL] Updater:351 - Updater called before beeing initialized
2025-07-27 16:39:24,806 [ERROR] CADModel:125 - Updater not yet initialized, retry later 
2025-07-27 16:39:26,081 [FATAL] Updater:351 - Updater called before beeing initialized
2025-07-27 16:39:26,082 [ERROR] IntegrityCheckThread:130 - Cannot retrieve database content from updater: error 21
2025-07-27 16:39:26,082 [INFO] ThirdParty:978 - Integrity check success = false
2025-07-27 16:39:26,083 [INFO] IntegrityCheckThread:100 - exiting critical section [integrity check]
2025-07-27 16:39:26,083 [INFO] IntegrityCheckThread:103 - End integrity checks thread
2025-07-27 16:39:28,008 [FATAL] Updater:351 - Updater called before beeing initialized
2025-07-27 16:39:28,026 [INFO] CADModel:165 - CPN selected for project level
2025-07-27 16:39:28,028 [INFO] CADModel:114 - Register for checkConnection events
2025-07-27 16:39:28,028 [FATAL] Updater:351 - Updater called before beeing initialized
2025-07-27 16:39:28,029 [ERROR] CADModel:125 - Updater not yet initialized, retry later 
2025-07-27 16:39:28,040 [FATAL] Updater:351 - Updater called before beeing initialized
2025-07-27 16:39:29,254 [FATAL] Updater:351 - Updater called before beeing initialized
2025-07-27 16:39:29,295 [INFO] DbMcusAds:53 - JSON generation date=Tue Jul 08 11:14:23 MSK 2025 (1751962463524)
2025-07-27 16:39:29,296 [FATAL] Updater:351 - Updater called before beeing initialized
2025-07-27 16:39:29,550 [WARN] DetailPanel:346 - Failed to get advertising image, set to default
2025-07-27 16:39:31,389 [FATAL] Updater:351 - Updater called before beeing initialized
2025-07-27 16:39:31,449 [FATAL] Updater:351 - Updater called before beeing initialized
2025-07-27 16:39:31,450 [FATAL] Updater:351 - Updater called before beeing initialized
2025-07-27 16:39:31,450 [WARN] DetailPanel:346 - Failed to get advertising image, set to default
2025-07-27 16:39:31,454 [FATAL] Updater:351 - Updater called before beeing initialized
2025-07-27 16:39:31,955 [ERROR] Updater:1198 - MainUpdater not yet initialized. External WinMGr cannot be set.
2025-07-27 16:39:32,013 [INFO] Updater:1134 - Updater Version found : 6.14.1
2025-07-27 16:39:32,114 [INFO] ApplicationProperties:184 - Using Application install path: C:\ST\STM32CubeIDE_1.18.1\STM32CubeIDE\plugins\com.st.stm32cube.common.mx_6.14.1.202504091515
2025-07-27 16:39:49,003 [INFO] MainUpdater:2872 - connection check result : 10
2025-07-27 16:39:49,005 [INFO] MainUpdater:289 - Updater Check For Update Now.
2025-07-27 16:39:49,005 [INFO] MicroXplorer:498 - Change Database Version : DB.6.0.141
2025-07-27 16:39:49,060 [INFO] McuFinderGlobals:63 - Set McuFinder mode to 2 (CubeIDE integrated)
2025-07-27 16:39:49,061 [INFO] UserAuth:171 - activating auth plugin
2025-07-27 16:39:49,080 [INFO] UserAuth:484 - Internet connection configuration mode: 1
2025-07-27 16:39:49,171 [INFO] JxBrowserEngine:152 - Initiate JxBrowser Engine with user profile folder
2025-07-27 16:39:49,704 [INFO] CheckServerUpdateThread:120 - End of CheckServer Thread
2025-07-27 16:39:57,478 [INFO] WebApp:169 - Instantiating new browser for Auth
2025-07-27 16:39:59,529 [INFO] WebApp:463 - Apply proxy settings
2025-07-27 16:39:59,530 [INFO] WebApp:548 - Chromium requires no authentication
2025-07-27 16:39:59,871 [INFO] WebApp:491 - Direct internet connection detected
2025-07-27 16:39:59,929 [INFO] WebApp:894 - Register for checkConnection events
2025-07-27 16:39:59,930 [INFO] WebApp:463 - Apply proxy settings
2025-07-27 16:39:59,930 [INFO] WebApp:548 - Chromium requires no authentication
2025-07-27 16:39:59,930 [INFO] WebApp:491 - Direct internet connection detected
2025-07-27 16:40:02,689 [INFO] WebApp:225 - Starting web application
2025-07-27 16:40:02,689 [INFO] WebApp:593 - Web application path used C:\ST\STM32CubeIDE_1.18.1\STM32CubeIDE\plugins\com.st.stm32cube.common.mx_6.14.1.202504091515\db\plugins\mcufinder\reactClient1\index.html
2025-07-27 16:40:07,964 [INFO] WebApp:191 - Connection restablished
