2025-07-26 21:01:24,251 [INFO] Activator:176 - 


2025-07-26 21:01:24,265 [INFO] Activator:177 - !SESSION log4j initialized
2025-07-26 21:01:38,206 [INFO] LogOutputStream:77 - [STDOUT_REDIRECT] 
2025-07-26 21:01:59,495 [INFO] ApplicationProperties:184 - Using Application install path: C:\ST\STM32CubeIDE_1.18.1\STM32CubeIDE\plugins\com.st.stm32cube.common.mx_6.14.1.202504091515
2025-07-26 21:01:59,522 [INFO] DbMcusXml:78 - Set database path to: C:\ST\STM32CubeIDE_1.18.1\STM32CubeIDE\plugins\com.st.stm32cube.common.mx_6.14.1.202504091515\\db\/mcu/
2025-07-26 21:01:59,522 [INFO] ApiDb:274 - Set plugin database path to: C:\ST\STM32CubeIDE_1.18.1\STM32CubeIDE\plugins\com.st.stm32cube.common.mx_6.14.1.202504091515\\db\/plugins/boardmanager/
2025-07-26 21:01:59,522 [WARN] ApiDb:259 - Overriding images path with different value:  => C:\ST\STM32CubeIDE_1.18.1\STM32CubeIDE\plugins\com.st.stm32cube.common.mx_6.14.1.202504091515\\db\/plugins/mcufinder/images/
2025-07-26 21:01:59,570 [INFO] ApiDb:250 - Set database path to: C:\Users\VirtWin10\.stmcufinder\plugins\mcufinder//mcu/
2025-07-26 21:01:59,572 [INFO] DbMcusAds:125 - Set database path to: C:\Users\VirtWin10\.stmcufinder\plugins\mcufinder//mcu/
2025-07-26 21:02:05,277 [INFO] CrossReferenceDbSqlite:203 - Set database path to: C:\Users\VirtWin10\.stmcufinder\plugins\mcufinder//mcu/cs/
2025-07-26 21:02:05,665 [INFO] RulesReader:64 - Compatibility file has been processed (302 Rules)
2025-07-26 21:02:05,888 [INFO] DbMcusXml:78 - Set database path to: C:\ST\STM32CubeIDE_1.18.1\STM32CubeIDE\plugins\com.st.stm32cube.common.mx_6.14.1.202504091515\\db\/mcu/
2025-07-26 21:02:05,888 [INFO] ApiDb:274 - Set plugin database path to: C:\ST\STM32CubeIDE_1.18.1\STM32CubeIDE\plugins\com.st.stm32cube.common.mx_6.14.1.202504091515\\db\/plugins/boardmanager/
2025-07-26 21:02:05,889 [INFO] ApiDb:261 - Set plugin images path to: C:\ST\STM32CubeIDE_1.18.1\STM32CubeIDE\plugins\com.st.stm32cube.common.mx_6.14.1.202504091515\\db\/plugins/mcufinder/images/
2025-07-26 21:02:05,889 [WARN] DbFile:41 - Overriding database path with different value: C:\Users\VirtWin10\.stmcufinder\plugins\mcufinder/ => C:\Users\VirtWin10\.stmcufinder\plugins\mcufinder
2025-07-26 21:02:05,890 [INFO] ApiDb:250 - Set database path to: C:\Users\VirtWin10\.stmcufinder\plugins\mcufinder//mcu/
2025-07-26 21:02:05,890 [WARN] DbFile:41 - Overriding database path with different value: C:\Users\VirtWin10\.stmcufinder\plugins\mcufinder/ => C:\Users\VirtWin10\.stmcufinder\plugins\mcufinder
2025-07-26 21:02:05,890 [INFO] DbMcusAds:125 - Set database path to: C:\Users\VirtWin10\.stmcufinder\plugins\mcufinder//mcu/
2025-07-26 21:02:05,890 [WARN] DbFile:41 - Overriding database path with different value: C:\Users\VirtWin10\.stmcufinder\plugins\mcufinder/ => C:\Users\VirtWin10\.stmcufinder\plugins\mcufinder
2025-07-26 21:02:05,890 [WARN] DbFile:41 - Overriding database path with different value: C:\Users\VirtWin10\.stmcufinder\plugins\mcufinder/ => C:\Users\VirtWin10\.stmcufinder\plugins\mcufinder
2025-07-26 21:02:05,891 [INFO] CrossReferenceDbSqlite:203 - Set database path to: C:\Users\VirtWin10\.stmcufinder\plugins\mcufinder//mcu/cs/
2025-07-26 21:02:06,068 [INFO] MainPanel:272 - HeapMemory: 268435456
2025-07-26 21:02:06,328 [INFO] DbMcusXml:78 - Set database path to: C:\ST\STM32CubeIDE_1.18.1\STM32CubeIDE\plugins\com.st.stm32cube.common.mx_6.14.1.202504091515\\db\/mcu/
2025-07-26 21:02:06,328 [INFO] ApiDb:274 - Set plugin database path to: C:\ST\STM32CubeIDE_1.18.1\STM32CubeIDE\plugins\com.st.stm32cube.common.mx_6.14.1.202504091515\\db\/plugins/boardmanager/
2025-07-26 21:02:06,329 [INFO] ApiDb:261 - Set plugin images path to: C:\ST\STM32CubeIDE_1.18.1\STM32CubeIDE\plugins\com.st.stm32cube.common.mx_6.14.1.202504091515\\db\/plugins/mcufinder/images/
2025-07-26 21:02:06,329 [WARN] DbFile:41 - Overriding database path with different value: C:\Users\VirtWin10\.stmcufinder\plugins\mcufinder/ => C:\Users\VirtWin10\.stmcufinder\plugins\mcufinder
2025-07-26 21:02:06,329 [INFO] ApiDb:250 - Set database path to: C:\Users\VirtWin10\.stmcufinder\plugins\mcufinder//mcu/
2025-07-26 21:02:06,329 [WARN] DbFile:41 - Overriding database path with different value: C:\Users\VirtWin10\.stmcufinder\plugins\mcufinder/ => C:\Users\VirtWin10\.stmcufinder\plugins\mcufinder
2025-07-26 21:02:06,329 [INFO] DbMcusAds:125 - Set database path to: C:\Users\VirtWin10\.stmcufinder\plugins\mcufinder//mcu/
2025-07-26 21:02:06,329 [WARN] DbFile:41 - Overriding database path with different value: C:\Users\VirtWin10\.stmcufinder\plugins\mcufinder/ => C:\Users\VirtWin10\.stmcufinder\plugins\mcufinder
2025-07-26 21:02:06,329 [WARN] DbFile:41 - Overriding database path with different value: C:\Users\VirtWin10\.stmcufinder\plugins\mcufinder/ => C:\Users\VirtWin10\.stmcufinder\plugins\mcufinder
2025-07-26 21:02:06,330 [INFO] CrossReferenceDbSqlite:203 - Set database path to: C:\Users\VirtWin10\.stmcufinder\plugins\mcufinder//mcu/cs/
2025-07-26 21:02:06,401 [INFO] ApplicationProperties:184 - Using Application install path: C:\ST\STM32CubeIDE_1.18.1\STM32CubeIDE\plugins\com.st.stm32cube.common.mx_6.14.1.202504091515
2025-07-26 21:02:06,403 [INFO] PluginManage:196 - Search for loadable plugins [exclusion list=, ]
2025-07-26 21:02:06,405 [INFO] PluginManage:310 - Check plugin analytics
2025-07-26 21:02:07,029 [INFO] AnalyticsPlugin:253 - Accepted Software Licenses: STM32CubeMX.6.14.1,STM32CubeMX.6.12.0
2025-07-26 21:02:07,029 [INFO] AnalyticsPlugin:255 - Accepted CMSIS Pack Licenses: 
2025-07-26 21:02:07,030 [INFO] AnalyticsPlugin:257 - Accepted Firmware Licenses: FW.MP13.1.2.0,FW.MP1.1.7.0,FW.H7RS.1.2.0,FW.H7.1.12.0,FW.H5.1.5.0,FW.G4.1.6.0,FW.C0.1.4.0,FW.WL.1.3.0,FW.WBA.1.3.0,FW.L4.1.18.0,FW.F7.1.17.0,FW.F4.1.28.0
2025-07-26 21:02:07,037 [INFO] PluginManage:359 - Loaded plugin analytics (category:tool,tabindex:-1)
2025-07-26 21:02:07,037 [INFO] PluginManage:310 - Check plugin cadmodel
2025-07-26 21:02:07,172 [INFO] CADModel:105 - Init CAD model plugin
2025-07-26 21:02:07,172 [INFO] PluginManage:359 - Loaded plugin cadmodel (category:power,tabindex:5)
2025-07-26 21:02:07,173 [INFO] PluginManage:310 - Check plugin clock
2025-07-26 21:02:07,212 [INFO] PluginManage:359 - Loaded plugin clock (category:base,tabindex:2)
2025-07-26 21:02:07,213 [INFO] PluginManage:310 - Check plugin ddr
2025-07-26 21:02:07,216 [INFO] PluginManage:359 - Loaded plugin ddr (category:tool,tabindex:6)
2025-07-26 21:02:07,217 [INFO] PluginManage:310 - Check plugin filemanager
2025-07-26 21:02:07,607 [INFO] PluginManage:359 - Loaded plugin filemanager (category:base,tabindex:10)
2025-07-26 21:02:07,607 [INFO] PluginManage:310 - Check plugin ipmanager
2025-07-26 21:02:07,624 [INFO] PluginManage:359 - Loaded plugin ipmanager (category:base,tabindex:5)
2025-07-26 21:02:07,625 [INFO] PluginManage:310 - Check plugin lpbam
2025-07-26 21:02:07,689 [INFO] PluginManage:359 - Loaded plugin lpbam (category:base,tabindex:0)
2025-07-26 21:02:07,690 [INFO] PluginManage:310 - Check plugin memorymap
2025-07-26 21:02:07,743 [INFO] PluginManage:359 - Loaded plugin memorymap (category:base,tabindex:4)
2025-07-26 21:02:07,744 [INFO] PluginManage:310 - Check plugin pinoutandconfiguration
2025-07-26 21:02:07,795 [INFO] PluginManage:359 - Loaded plugin pinoutandconfiguration (category:base,tabindex:1)
2025-07-26 21:02:07,795 [INFO] PluginManage:310 - Check plugin pinoutconfig
2025-07-26 21:02:08,104 [WARN] SupportedApi:132 - Cannot load RTOS API schema: s4s-elt-must-match.1: The content of 'definitions' must match (annotation?, (simpleType | complexType)?, (unique | key | keyref)*)). A problem was found starting at: attribute.
2025-07-26 21:02:08,399 [INFO] PluginManage:359 - Loaded plugin pinoutconfig (category:base,tabindex:0)
2025-07-26 21:02:08,399 [INFO] PluginManage:310 - Check plugin power
2025-07-26 21:02:08,451 [INFO] PluginManage:359 - Loaded plugin power (category:power,tabindex:4)
2025-07-26 21:02:08,451 [INFO] PluginManage:310 - Check plugin projectmanager
2025-07-26 21:02:08,480 [INFO] PluginManage:359 - Loaded plugin projectmanager (category:projectmanager,tabindex:4)
2025-07-26 21:02:08,481 [INFO] PluginManage:310 - Check plugin rif
2025-07-26 21:02:08,527 [INFO] PluginManage:359 - Loaded plugin rif (category:base,tabindex:3)
2025-07-26 21:02:08,527 [INFO] PluginManage:310 - Check plugin thirdparty
2025-07-26 21:02:09,341 [INFO] PluginManage:359 - Loaded plugin thirdparty (category:base,tabindex:-1)
2025-07-26 21:02:09,341 [INFO] PluginManage:310 - Check plugin tools
2025-07-26 21:02:09,341 [WARN] IntegrityCheckThread:84 - waiting for thirdparty lock release [integrity check]
2025-07-26 21:02:09,342 [INFO] IntegrityCheckThread:86 - entering critical section [integrity check]
2025-07-26 21:02:09,343 [INFO] ThirdPartyUpdaterWithRetryManager:70 - Updater plugin not ready yet. [1/15]
2025-07-26 21:02:09,444 [INFO] PluginManage:359 - Loaded plugin tools (category:base,tabindex:7)
2025-07-26 21:02:09,444 [INFO] PluginManage:310 - Check plugin tutovideos
2025-07-26 21:02:10,034 [INFO] PluginManage:359 - Loaded plugin tutovideos (category:base,tabindex:-1)
2025-07-26 21:02:10,035 [INFO] PluginManage:310 - Check plugin updater
2025-07-26 21:02:10,141 [INFO] PluginManage:359 - Loaded plugin updater (category:base,tabindex:12)
2025-07-26 21:02:10,141 [INFO] PluginManage:310 - Check plugin userauth
2025-07-26 21:02:10,147 [INFO] UserAuth:118 - Init User Auth plugin
2025-07-26 21:02:10,149 [INFO] PluginManage:359 - Loaded plugin userauth (category:base,tabindex:14)
2025-07-26 21:02:10,149 [INFO] PluginManage:283 - PluginManage : Loaded plugins [18]
2025-07-26 21:02:10,600 [INFO] PinOutPanel:1589 - setPackage(No Configuration,No Configuration)
2025-07-26 21:02:10,814 [INFO] CADModel:165 - CPN selected for project level
2025-07-26 21:02:10,815 [INFO] CADModel:114 - Register for checkConnection events
2025-07-26 21:02:10,844 [INFO] ThirdPartyUpdaterWithRetryManager:70 - Updater plugin not ready yet. [2/15]
2025-07-26 21:02:10,870 [INFO] IPUIPlugin:80 - create IPUIPlugin
2025-07-26 21:02:10,870 [INFO] PluginManager:220 - loadIPPluginJar : add adc
2025-07-26 21:02:11,036 [INFO] IPUIPlugin:80 - create IPUIPlugin
2025-07-26 21:02:11,037 [INFO] PluginManager:220 - loadIPPluginJar : add aes
2025-07-26 21:02:11,193 [INFO] IPUIPlugin:80 - create IPUIPlugin
2025-07-26 21:02:11,193 [INFO] PluginManager:220 - loadIPPluginJar : add can
2025-07-26 21:02:11,287 [INFO] IPUIPlugin:80 - create IPUIPlugin
2025-07-26 21:02:11,287 [INFO] PluginManager:220 - loadIPPluginJar : add comp
2025-07-26 21:02:11,429 [INFO] IPUIPlugin:80 - create IPUIPlugin
2025-07-26 21:02:11,430 [INFO] PluginManager:220 - loadIPPluginJar : add cryp
2025-07-26 21:02:11,469 [INFO] IPUIPlugin:80 - create IPUIPlugin
2025-07-26 21:02:11,469 [INFO] PluginManager:220 - loadIPPluginJar : add ddr_ctrl_phy
2025-07-26 21:02:11,580 [INFO] IPUIPlugin:80 - create IPUIPlugin
2025-07-26 21:02:11,581 [INFO] PluginManager:220 - loadIPPluginJar : add dfsdm
2025-07-26 21:02:11,638 [INFO] IPUIPlugin:80 - create IPUIPlugin
2025-07-26 21:02:11,639 [INFO] PluginManager:220 - loadIPPluginJar : add dma
2025-07-26 21:02:11,755 [INFO] IPUIPlugin:80 - create IPUIPlugin
2025-07-26 21:02:11,756 [INFO] PluginManager:220 - loadIPPluginJar : add dma3
2025-07-26 21:02:11,905 [INFO] IPUIPlugin:80 - create IPUIPlugin
2025-07-26 21:02:11,906 [INFO] PluginManager:220 - loadIPPluginJar : add extmemmanager
2025-07-26 21:02:12,002 [INFO] IPUIPlugin:80 - create IPUIPlugin
2025-07-26 21:02:12,003 [INFO] PluginManager:220 - loadIPPluginJar : add fatfs
2025-07-26 21:02:12,196 [INFO] IPUIPlugin:80 - create IPUIPlugin
2025-07-26 21:02:12,196 [INFO] PluginManager:220 - loadIPPluginJar : add fmc
2025-07-26 21:02:12,261 [INFO] IPUIPlugin:80 - create IPUIPlugin
2025-07-26 21:02:12,262 [INFO] PluginManager:220 - loadIPPluginJar : add freertos
2025-07-26 21:02:12,343 [INFO] IPUIPlugin:80 - create IPUIPlugin
2025-07-26 21:02:12,344 [INFO] PluginManager:220 - loadIPPluginJar : add genericplugin
2025-07-26 21:02:12,345 [INFO] ThirdPartyUpdaterWithRetryManager:70 - Updater plugin not ready yet. [3/15]
2025-07-26 21:02:12,736 [INFO] IPUIPlugin:80 - create IPUIPlugin
2025-07-26 21:02:12,736 [INFO] PluginManager:220 - loadIPPluginJar : add gfxmmu
2025-07-26 21:02:13,296 [INFO] IPUIPlugin:80 - create IPUIPlugin
2025-07-26 21:02:13,296 [INFO] PluginManager:220 - loadIPPluginJar : add gic
2025-07-26 21:02:13,345 [INFO] IPUIPlugin:80 - create IPUIPlugin
2025-07-26 21:02:13,345 [INFO] PluginManager:220 - loadIPPluginJar : add gpio
2025-07-26 21:02:13,676 [INFO] IPUIPlugin:80 - create IPUIPlugin
2025-07-26 21:02:13,676 [INFO] PluginManager:220 - loadIPPluginJar : add gtzc
2025-07-26 21:02:13,822 [INFO] IPUIPlugin:80 - create IPUIPlugin
2025-07-26 21:02:13,822 [INFO] PluginManager:220 - loadIPPluginJar : add hash
2025-07-26 21:02:13,852 [INFO] ThirdPartyUpdaterWithRetryManager:70 - Updater plugin not ready yet. [4/15]
2025-07-26 21:02:14,019 [INFO] IPUIPlugin:80 - create IPUIPlugin
2025-07-26 21:02:14,019 [INFO] PluginManager:220 - loadIPPluginJar : add i2c
2025-07-26 21:02:14,175 [INFO] IPUIPlugin:80 - create IPUIPlugin
2025-07-26 21:02:14,176 [INFO] PluginManager:220 - loadIPPluginJar : add i2s
2025-07-26 21:02:14,343 [INFO] IPUIPlugin:80 - create IPUIPlugin
2025-07-26 21:02:14,344 [INFO] PluginManager:220 - loadIPPluginJar : add i3c
2025-07-26 21:02:14,806 [INFO] IPUIPlugin:80 - create IPUIPlugin
2025-07-26 21:02:14,807 [INFO] PluginManager:220 - loadIPPluginJar : add ipddr
2025-07-26 21:02:15,219 [INFO] IPUIPlugin:80 - create IPUIPlugin
2025-07-26 21:02:15,219 [INFO] PluginManager:220 - loadIPPluginJar : add linkedlist
2025-07-26 21:02:15,353 [INFO] ThirdPartyUpdaterWithRetryManager:70 - Updater plugin not ready yet. [5/15]
2025-07-26 21:02:15,371 [INFO] IPUIPlugin:80 - create IPUIPlugin
2025-07-26 21:02:15,372 [INFO] PluginManager:220 - loadIPPluginJar : add lorawan
2025-07-26 21:02:15,516 [INFO] IPUIPlugin:80 - create IPUIPlugin
2025-07-26 21:02:15,517 [INFO] PluginManager:220 - loadIPPluginJar : add ltdc
2025-07-26 21:02:15,556 [INFO] IPUIPlugin:80 - create IPUIPlugin
2025-07-26 21:02:15,557 [INFO] PluginManager:220 - loadIPPluginJar : add mdma
2025-07-26 21:02:15,583 [INFO] IPUIPlugin:80 - create IPUIPlugin
2025-07-26 21:02:15,583 [INFO] PluginManager:220 - loadIPPluginJar : add nvic
2025-07-26 21:02:15,717 [INFO] IPUIPlugin:80 - create IPUIPlugin
2025-07-26 21:02:15,717 [INFO] PluginManager:220 - loadIPPluginJar : add opamp
2025-07-26 21:02:15,973 [INFO] IPUIPlugin:80 - create IPUIPlugin
2025-07-26 21:02:15,973 [INFO] PluginManager:220 - loadIPPluginJar : add openamp
2025-07-26 21:02:16,132 [INFO] IPUIPlugin:80 - create IPUIPlugin
2025-07-26 21:02:16,132 [INFO] PluginManager:220 - loadIPPluginJar : add pdm2pcm
2025-07-26 21:02:16,173 [INFO] IPUIPlugin:80 - create IPUIPlugin
2025-07-26 21:02:16,178 [INFO] PluginManager:220 - loadIPPluginJar : add plateformsettings
2025-07-26 21:02:16,251 [INFO] IPUIPlugin:80 - create IPUIPlugin
2025-07-26 21:02:16,253 [INFO] PluginManager:220 - loadIPPluginJar : add quadspi
2025-07-26 21:02:16,352 [INFO] IPUIPlugin:80 - create IPUIPlugin
2025-07-26 21:02:16,353 [INFO] PluginManager:220 - loadIPPluginJar : add radio
2025-07-26 21:02:16,398 [INFO] IPUIPlugin:80 - create IPUIPlugin
2025-07-26 21:02:16,398 [INFO] PluginManager:220 - loadIPPluginJar : add resmgrutility
2025-07-26 21:02:16,571 [INFO] IPUIPlugin:80 - create IPUIPlugin
2025-07-26 21:02:16,572 [INFO] PluginManager:220 - loadIPPluginJar : add sai
2025-07-26 21:02:16,756 [INFO] IPUIPlugin:80 - create IPUIPlugin
2025-07-26 21:02:16,756 [INFO] PluginManager:220 - loadIPPluginJar : add spi
2025-07-26 21:02:16,855 [INFO] ThirdPartyUpdaterWithRetryManager:70 - Updater plugin not ready yet. [6/15]
2025-07-26 21:02:17,121 [INFO] IPUIPlugin:80 - create IPUIPlugin
2025-07-26 21:02:17,121 [INFO] PluginManager:220 - loadIPPluginJar : add stm32_wpan
2025-07-26 21:02:17,202 [INFO] IPUIPlugin:80 - create IPUIPlugin
2025-07-26 21:02:17,202 [INFO] PluginManager:220 - loadIPPluginJar : add tim
2025-07-26 21:02:17,494 [INFO] IPUIPlugin:80 - create IPUIPlugin
2025-07-26 21:02:17,494 [INFO] PluginManager:220 - loadIPPluginJar : add touchsensing
2025-07-26 21:02:17,599 [INFO] IPUIPlugin:80 - create IPUIPlugin
2025-07-26 21:02:17,600 [INFO] PluginManager:220 - loadIPPluginJar : add tracer_emb
2025-07-26 21:02:17,709 [INFO] IPUIPlugin:80 - create IPUIPlugin
2025-07-26 21:02:17,709 [INFO] PluginManager:220 - loadIPPluginJar : add ts
2025-07-26 21:02:17,777 [INFO] IPUIPlugin:80 - create IPUIPlugin
2025-07-26 21:02:17,777 [INFO] PluginManager:220 - loadIPPluginJar : add tsc
2025-07-26 21:02:17,857 [INFO] IPUIPlugin:80 - create IPUIPlugin
2025-07-26 21:02:17,858 [INFO] PluginManager:220 - loadIPPluginJar : add ucpd
2025-07-26 21:02:18,026 [INFO] IPUIPlugin:80 - create IPUIPlugin
2025-07-26 21:02:18,027 [INFO] PluginManager:220 - loadIPPluginJar : add usart
2025-07-26 21:02:18,198 [INFO] IPUIPlugin:80 - create IPUIPlugin
2025-07-26 21:02:18,198 [INFO] PluginManager:220 - loadIPPluginJar : add usbx
2025-07-26 21:02:18,353 [FATAL] Updater:351 - Updater called before beeing initialized
2025-07-26 21:02:18,356 [INFO] ThirdPartyUpdaterWithRetryManager:70 - Updater plugin not ready yet. [7/15]
2025-07-26 21:02:18,481 [INFO] RulesReader:64 - Compatibility file has been processed (302 Rules)
2025-07-26 21:02:18,498 [INFO] RulesReader:64 - Compatibility file has been processed (302 Rules)
2025-07-26 21:02:18,524 [INFO] CADModel:165 - CPN selected for project level
2025-07-26 21:02:18,524 [INFO] CADModel:114 - Register for checkConnection events
2025-07-26 21:02:18,524 [FATAL] Updater:351 - Updater called before beeing initialized
2025-07-26 21:02:18,524 [ERROR] CADModel:125 - Updater not yet initialized, retry later 
2025-07-26 21:02:18,931 [FATAL] Updater:351 - Updater called before beeing initialized
2025-07-26 21:02:18,934 [INFO] CADModel:165 - CPN selected for project level
2025-07-26 21:02:18,934 [INFO] CADModel:114 - Register for checkConnection events
2025-07-26 21:02:18,935 [FATAL] Updater:351 - Updater called before beeing initialized
2025-07-26 21:02:18,935 [ERROR] CADModel:125 - Updater not yet initialized, retry later 
2025-07-26 21:02:18,943 [FATAL] Updater:351 - Updater called before beeing initialized
2025-07-26 21:02:19,254 [FATAL] Updater:351 - Updater called before beeing initialized
2025-07-26 21:02:19,277 [INFO] DbMcusAds:53 - JSON generation date=Tue Jul 08 11:14:23 MSK 2025 (1751962463524)
2025-07-26 21:02:19,278 [FATAL] Updater:351 - Updater called before beeing initialized
2025-07-26 21:02:19,440 [WARN] DetailPanel:346 - Failed to get advertising image, set to default
2025-07-26 21:02:20,001 [FATAL] Updater:351 - Updater called before beeing initialized
2025-07-26 21:02:20,002 [ERROR] IntegrityCheckThread:130 - Cannot retrieve database content from updater: error 21
2025-07-26 21:02:20,002 [INFO] ThirdParty:978 - Integrity check success = false
2025-07-26 21:02:20,002 [INFO] IntegrityCheckThread:100 - exiting critical section [integrity check]
2025-07-26 21:02:20,003 [INFO] IntegrityCheckThread:103 - End integrity checks thread
2025-07-26 21:02:20,542 [FATAL] Updater:351 - Updater called before beeing initialized
2025-07-26 21:02:20,546 [FATAL] Updater:351 - Updater called before beeing initialized
2025-07-26 21:02:20,546 [FATAL] Updater:351 - Updater called before beeing initialized
2025-07-26 21:02:20,547 [WARN] DetailPanel:346 - Failed to get advertising image, set to default
2025-07-26 21:02:20,547 [FATAL] Updater:351 - Updater called before beeing initialized
2025-07-26 21:02:20,729 [ERROR] Updater:1198 - MainUpdater not yet initialized. External WinMGr cannot be set.
2025-07-26 21:02:20,780 [INFO] Updater:1134 - Updater Version found : 6.14.1
2025-07-26 21:02:20,840 [INFO] ApplicationProperties:184 - Using Application install path: C:\ST\STM32CubeIDE_1.18.1\STM32CubeIDE\plugins\com.st.stm32cube.common.mx_6.14.1.202504091515
2025-07-26 21:02:25,648 [INFO] MainUpdater:2872 - connection check result : 10
2025-07-26 21:02:25,649 [INFO] MainUpdater:289 - Updater Check For Update Now.
2025-07-26 21:02:25,649 [INFO] MicroXplorer:498 - Change Database Version : DB.6.0.141
2025-07-26 21:02:25,680 [INFO] McuFinderGlobals:63 - Set McuFinder mode to 2 (CubeIDE integrated)
2025-07-26 21:02:25,680 [INFO] UserAuth:171 - activating auth plugin
2025-07-26 21:02:25,707 [INFO] UserAuth:484 - Internet connection configuration mode: 1
2025-07-26 21:02:25,841 [INFO] JxBrowserEngine:152 - Initiate JxBrowser Engine with user profile folder
2025-07-26 21:02:26,158 [INFO] CheckServerUpdateThread:120 - End of CheckServer Thread
2025-07-26 21:02:42,586 [INFO] WebApp:169 - Instantiating new browser for Auth
2025-07-26 21:02:46,309 [INFO] WebApp:463 - Apply proxy settings
2025-07-26 21:02:46,310 [INFO] WebApp:548 - Chromium requires no authentication
2025-07-26 21:02:46,345 [INFO] WebApp:491 - Direct internet connection detected
2025-07-26 21:02:46,470 [INFO] WebApp:894 - Register for checkConnection events
2025-07-26 21:02:46,470 [INFO] WebApp:463 - Apply proxy settings
2025-07-26 21:02:46,471 [INFO] WebApp:548 - Chromium requires no authentication
2025-07-26 21:02:46,471 [INFO] WebApp:491 - Direct internet connection detected
2025-07-26 21:02:47,310 [INFO] WebApp:225 - Starting web application
2025-07-26 21:02:47,310 [INFO] WebApp:593 - Web application path used C:\ST\STM32CubeIDE_1.18.1\STM32CubeIDE\plugins\com.st.stm32cube.common.mx_6.14.1.202504091515\db\plugins\mcufinder\reactClient1\index.html
2025-07-26 21:02:52,562 [INFO] WebApp:191 - Connection restablished
2025-07-26 21:14:08,012 [ERROR] LogOutputStream:75 - [STDERR_REDIRECT] 
2025-07-26 21:14:29,216 [INFO] Activator:176 - 


2025-07-26 21:14:29,222 [INFO] Activator:177 - !SESSION log4j initialized
2025-07-26 21:15:00,115 [INFO] LogOutputStream:77 - [STDOUT_REDIRECT] 
2025-07-26 21:15:06,448 [INFO] ApplicationProperties:184 - Using Application install path: C:\ST\STM32CubeIDE_1.18.1\STM32CubeIDE\plugins\com.st.stm32cube.common.mx_6.14.1.202504091515
2025-07-26 21:15:06,579 [INFO] DbMcusXml:78 - Set database path to: C:\ST\STM32CubeIDE_1.18.1\STM32CubeIDE\plugins\com.st.stm32cube.common.mx_6.14.1.202504091515\\db\/mcu/
2025-07-26 21:15:06,580 [INFO] ApiDb:274 - Set plugin database path to: C:\ST\STM32CubeIDE_1.18.1\STM32CubeIDE\plugins\com.st.stm32cube.common.mx_6.14.1.202504091515\\db\/plugins/boardmanager/
2025-07-26 21:15:06,581 [WARN] ApiDb:259 - Overriding images path with different value:  => C:\ST\STM32CubeIDE_1.18.1\STM32CubeIDE\plugins\com.st.stm32cube.common.mx_6.14.1.202504091515\\db\/plugins/mcufinder/images/
2025-07-26 21:15:06,601 [INFO] ApiDb:250 - Set database path to: C:\Users\VirtWin10\.stmcufinder\plugins\mcufinder//mcu/
2025-07-26 21:15:06,605 [INFO] DbMcusAds:125 - Set database path to: C:\Users\VirtWin10\.stmcufinder\plugins\mcufinder//mcu/
2025-07-26 21:15:06,613 [INFO] CrossReferenceDbSqlite:203 - Set database path to: C:\Users\VirtWin10\.stmcufinder\plugins\mcufinder//mcu/cs/
2025-07-26 21:15:07,442 [INFO] RulesReader:64 - Compatibility file has been processed (302 Rules)
2025-07-26 21:15:07,819 [INFO] DbMcusXml:78 - Set database path to: C:\ST\STM32CubeIDE_1.18.1\STM32CubeIDE\plugins\com.st.stm32cube.common.mx_6.14.1.202504091515\\db\/mcu/
2025-07-26 21:15:07,820 [INFO] ApiDb:274 - Set plugin database path to: C:\ST\STM32CubeIDE_1.18.1\STM32CubeIDE\plugins\com.st.stm32cube.common.mx_6.14.1.202504091515\\db\/plugins/boardmanager/
2025-07-26 21:15:07,820 [INFO] ApiDb:261 - Set plugin images path to: C:\ST\STM32CubeIDE_1.18.1\STM32CubeIDE\plugins\com.st.stm32cube.common.mx_6.14.1.202504091515\\db\/plugins/mcufinder/images/
2025-07-26 21:15:07,821 [WARN] DbFile:41 - Overriding database path with different value: C:\Users\VirtWin10\.stmcufinder\plugins\mcufinder/ => C:\Users\VirtWin10\.stmcufinder\plugins\mcufinder
2025-07-26 21:15:07,821 [INFO] ApiDb:250 - Set database path to: C:\Users\VirtWin10\.stmcufinder\plugins\mcufinder//mcu/
2025-07-26 21:15:07,822 [WARN] DbFile:41 - Overriding database path with different value: C:\Users\VirtWin10\.stmcufinder\plugins\mcufinder/ => C:\Users\VirtWin10\.stmcufinder\plugins\mcufinder
2025-07-26 21:15:07,822 [INFO] DbMcusAds:125 - Set database path to: C:\Users\VirtWin10\.stmcufinder\plugins\mcufinder//mcu/
2025-07-26 21:15:07,823 [WARN] DbFile:41 - Overriding database path with different value: C:\Users\VirtWin10\.stmcufinder\plugins\mcufinder/ => C:\Users\VirtWin10\.stmcufinder\plugins\mcufinder
2025-07-26 21:15:07,823 [WARN] DbFile:41 - Overriding database path with different value: C:\Users\VirtWin10\.stmcufinder\plugins\mcufinder/ => C:\Users\VirtWin10\.stmcufinder\plugins\mcufinder
2025-07-26 21:15:07,824 [INFO] CrossReferenceDbSqlite:203 - Set database path to: C:\Users\VirtWin10\.stmcufinder\plugins\mcufinder//mcu/cs/
2025-07-26 21:15:08,235 [INFO] MainPanel:272 - HeapMemory: 268435456
2025-07-26 21:15:08,706 [INFO] DbMcusXml:78 - Set database path to: C:\ST\STM32CubeIDE_1.18.1\STM32CubeIDE\plugins\com.st.stm32cube.common.mx_6.14.1.202504091515\\db\/mcu/
2025-07-26 21:15:08,707 [INFO] ApiDb:274 - Set plugin database path to: C:\ST\STM32CubeIDE_1.18.1\STM32CubeIDE\plugins\com.st.stm32cube.common.mx_6.14.1.202504091515\\db\/plugins/boardmanager/
2025-07-26 21:15:08,707 [INFO] ApiDb:261 - Set plugin images path to: C:\ST\STM32CubeIDE_1.18.1\STM32CubeIDE\plugins\com.st.stm32cube.common.mx_6.14.1.202504091515\\db\/plugins/mcufinder/images/
2025-07-26 21:15:08,708 [WARN] DbFile:41 - Overriding database path with different value: C:\Users\VirtWin10\.stmcufinder\plugins\mcufinder/ => C:\Users\VirtWin10\.stmcufinder\plugins\mcufinder
2025-07-26 21:15:08,709 [INFO] ApiDb:250 - Set database path to: C:\Users\VirtWin10\.stmcufinder\plugins\mcufinder//mcu/
2025-07-26 21:15:08,709 [WARN] DbFile:41 - Overriding database path with different value: C:\Users\VirtWin10\.stmcufinder\plugins\mcufinder/ => C:\Users\VirtWin10\.stmcufinder\plugins\mcufinder
2025-07-26 21:15:08,709 [INFO] DbMcusAds:125 - Set database path to: C:\Users\VirtWin10\.stmcufinder\plugins\mcufinder//mcu/
2025-07-26 21:15:08,709 [WARN] DbFile:41 - Overriding database path with different value: C:\Users\VirtWin10\.stmcufinder\plugins\mcufinder/ => C:\Users\VirtWin10\.stmcufinder\plugins\mcufinder
2025-07-26 21:15:08,710 [WARN] DbFile:41 - Overriding database path with different value: C:\Users\VirtWin10\.stmcufinder\plugins\mcufinder/ => C:\Users\VirtWin10\.stmcufinder\plugins\mcufinder
2025-07-26 21:15:08,710 [INFO] CrossReferenceDbSqlite:203 - Set database path to: C:\Users\VirtWin10\.stmcufinder\plugins\mcufinder//mcu/cs/
2025-07-26 21:15:08,825 [INFO] ApplicationProperties:184 - Using Application install path: C:\ST\STM32CubeIDE_1.18.1\STM32CubeIDE\plugins\com.st.stm32cube.common.mx_6.14.1.202504091515
2025-07-26 21:15:08,831 [INFO] PluginManage:196 - Search for loadable plugins [exclusion list=, ]
2025-07-26 21:15:08,873 [INFO] PluginManage:310 - Check plugin analytics
2025-07-26 21:15:10,296 [INFO] AnalyticsPlugin:253 - Accepted Software Licenses: STM32CubeMX.6.14.1,STM32CubeMX.6.12.0
2025-07-26 21:15:10,298 [INFO] AnalyticsPlugin:255 - Accepted CMSIS Pack Licenses: 
2025-07-26 21:15:10,298 [INFO] AnalyticsPlugin:257 - Accepted Firmware Licenses: FW.MP13.1.2.0,FW.MP1.1.7.0,FW.H7RS.1.2.0,FW.H7.1.12.0,FW.H5.1.5.0,FW.G4.1.6.0,FW.C0.1.4.0,FW.WL.1.3.0,FW.WBA.1.3.0,FW.L4.1.18.0,FW.F7.1.17.0,FW.F4.1.28.0
2025-07-26 21:15:10,309 [INFO] PluginManage:359 - Loaded plugin analytics (category:tool,tabindex:-1)
2025-07-26 21:15:10,309 [INFO] PluginManage:310 - Check plugin cadmodel
2025-07-26 21:15:10,356 [INFO] CADModel:105 - Init CAD model plugin
2025-07-26 21:15:10,356 [INFO] PluginManage:359 - Loaded plugin cadmodel (category:power,tabindex:5)
2025-07-26 21:15:10,358 [INFO] PluginManage:310 - Check plugin clock
2025-07-26 21:15:10,384 [INFO] PluginManage:359 - Loaded plugin clock (category:base,tabindex:2)
2025-07-26 21:15:10,384 [INFO] PluginManage:310 - Check plugin ddr
2025-07-26 21:15:10,390 [INFO] PluginManage:359 - Loaded plugin ddr (category:tool,tabindex:6)
2025-07-26 21:15:10,391 [INFO] PluginManage:310 - Check plugin filemanager
2025-07-26 21:15:11,194 [INFO] PluginManage:359 - Loaded plugin filemanager (category:base,tabindex:10)
2025-07-26 21:15:11,194 [INFO] PluginManage:310 - Check plugin ipmanager
2025-07-26 21:15:11,214 [INFO] PluginManage:359 - Loaded plugin ipmanager (category:base,tabindex:5)
2025-07-26 21:15:11,215 [INFO] PluginManage:310 - Check plugin lpbam
2025-07-26 21:15:11,264 [INFO] PluginManage:359 - Loaded plugin lpbam (category:base,tabindex:0)
2025-07-26 21:15:11,266 [INFO] PluginManage:310 - Check plugin memorymap
2025-07-26 21:15:11,304 [INFO] PluginManage:359 - Loaded plugin memorymap (category:base,tabindex:4)
2025-07-26 21:15:11,305 [INFO] PluginManage:310 - Check plugin pinoutandconfiguration
2025-07-26 21:15:11,333 [INFO] PluginManage:359 - Loaded plugin pinoutandconfiguration (category:base,tabindex:1)
2025-07-26 21:15:11,334 [INFO] PluginManage:310 - Check plugin pinoutconfig
2025-07-26 21:15:11,944 [WARN] SupportedApi:132 - Cannot load RTOS API schema: s4s-elt-must-match.1: The content of 'definitions' must match (annotation?, (simpleType | complexType)?, (unique | key | keyref)*)). A problem was found starting at: attribute.
2025-07-26 21:15:12,700 [INFO] PluginManage:359 - Loaded plugin pinoutconfig (category:base,tabindex:0)
2025-07-26 21:15:12,701 [INFO] PluginManage:310 - Check plugin power
2025-07-26 21:15:12,794 [INFO] PluginManage:359 - Loaded plugin power (category:power,tabindex:4)
2025-07-26 21:15:12,794 [INFO] PluginManage:310 - Check plugin projectmanager
2025-07-26 21:15:12,856 [INFO] PluginManage:359 - Loaded plugin projectmanager (category:projectmanager,tabindex:4)
2025-07-26 21:15:12,856 [INFO] PluginManage:310 - Check plugin rif
2025-07-26 21:15:12,883 [INFO] PluginManage:359 - Loaded plugin rif (category:base,tabindex:3)
2025-07-26 21:15:12,883 [INFO] PluginManage:310 - Check plugin thirdparty
2025-07-26 21:15:13,642 [INFO] PluginManage:359 - Loaded plugin thirdparty (category:base,tabindex:-1)
2025-07-26 21:15:13,644 [INFO] PluginManage:310 - Check plugin tools
2025-07-26 21:15:13,644 [WARN] IntegrityCheckThread:84 - waiting for thirdparty lock release [integrity check]
2025-07-26 21:15:13,648 [INFO] IntegrityCheckThread:86 - entering critical section [integrity check]
2025-07-26 21:15:13,650 [INFO] ThirdPartyUpdaterWithRetryManager:70 - Updater plugin not ready yet. [1/15]
2025-07-26 21:15:13,654 [INFO] PluginManage:359 - Loaded plugin tools (category:base,tabindex:7)
2025-07-26 21:15:13,654 [INFO] PluginManage:310 - Check plugin tutovideos
2025-07-26 21:15:14,864 [INFO] PluginManage:359 - Loaded plugin tutovideos (category:base,tabindex:-1)
2025-07-26 21:15:14,864 [INFO] PluginManage:310 - Check plugin updater
2025-07-26 21:15:15,159 [INFO] PluginManage:359 - Loaded plugin updater (category:base,tabindex:12)
2025-07-26 21:15:15,160 [INFO] PluginManage:310 - Check plugin userauth
2025-07-26 21:15:15,184 [INFO] UserAuth:118 - Init User Auth plugin
2025-07-26 21:15:15,189 [INFO] PluginManage:359 - Loaded plugin userauth (category:base,tabindex:14)
2025-07-26 21:15:15,189 [INFO] PluginManage:283 - PluginManage : Loaded plugins [18]
2025-07-26 21:15:16,442 [INFO] PinOutPanel:1589 - setPackage(No Configuration,No Configuration)
2025-07-26 21:15:17,004 [INFO] CADModel:165 - CPN selected for project level
2025-07-26 21:15:17,005 [INFO] CADModel:114 - Register for checkConnection events
2025-07-26 21:15:17,059 [INFO] IPUIPlugin:80 - create IPUIPlugin
2025-07-26 21:15:17,060 [INFO] PluginManager:220 - loadIPPluginJar : add adc
2025-07-26 21:15:17,078 [INFO] IPUIPlugin:80 - create IPUIPlugin
2025-07-26 21:15:17,079 [INFO] PluginManager:220 - loadIPPluginJar : add aes
2025-07-26 21:15:17,086 [INFO] IPUIPlugin:80 - create IPUIPlugin
2025-07-26 21:15:17,088 [INFO] PluginManager:220 - loadIPPluginJar : add can
2025-07-26 21:15:17,093 [INFO] IPUIPlugin:80 - create IPUIPlugin
2025-07-26 21:15:17,093 [INFO] PluginManager:220 - loadIPPluginJar : add comp
2025-07-26 21:15:17,099 [INFO] IPUIPlugin:80 - create IPUIPlugin
2025-07-26 21:15:17,101 [INFO] PluginManager:220 - loadIPPluginJar : add cryp
2025-07-26 21:15:17,107 [INFO] IPUIPlugin:80 - create IPUIPlugin
2025-07-26 21:15:17,107 [INFO] PluginManager:220 - loadIPPluginJar : add ddr_ctrl_phy
2025-07-26 21:15:17,123 [INFO] IPUIPlugin:80 - create IPUIPlugin
2025-07-26 21:15:17,123 [INFO] PluginManager:220 - loadIPPluginJar : add dfsdm
2025-07-26 21:15:17,181 [INFO] IPUIPlugin:80 - create IPUIPlugin
2025-07-26 21:15:17,184 [INFO] PluginManager:220 - loadIPPluginJar : add dma
2025-07-26 21:15:17,193 [INFO] IPUIPlugin:80 - create IPUIPlugin
2025-07-26 21:15:17,194 [INFO] PluginManager:220 - loadIPPluginJar : add dma3
2025-07-26 21:15:17,202 [INFO] IPUIPlugin:80 - create IPUIPlugin
2025-07-26 21:15:17,203 [INFO] PluginManager:220 - loadIPPluginJar : add extmemmanager
2025-07-26 21:15:17,206 [INFO] IPUIPlugin:80 - create IPUIPlugin
2025-07-26 21:15:17,206 [INFO] PluginManager:220 - loadIPPluginJar : add fatfs
2025-07-26 21:15:17,246 [INFO] ThirdPartyUpdaterWithRetryManager:70 - Updater plugin not ready yet. [2/15]
2025-07-26 21:15:17,256 [INFO] IPUIPlugin:80 - create IPUIPlugin
2025-07-26 21:15:17,256 [INFO] PluginManager:220 - loadIPPluginJar : add fmc
2025-07-26 21:15:17,302 [INFO] IPUIPlugin:80 - create IPUIPlugin
2025-07-26 21:15:17,302 [INFO] PluginManager:220 - loadIPPluginJar : add freertos
2025-07-26 21:15:17,309 [INFO] IPUIPlugin:80 - create IPUIPlugin
2025-07-26 21:15:17,309 [INFO] PluginManager:220 - loadIPPluginJar : add genericplugin
2025-07-26 21:15:17,317 [INFO] IPUIPlugin:80 - create IPUIPlugin
2025-07-26 21:15:17,317 [INFO] PluginManager:220 - loadIPPluginJar : add gfxmmu
2025-07-26 21:15:17,413 [INFO] IPUIPlugin:80 - create IPUIPlugin
2025-07-26 21:15:17,413 [INFO] PluginManager:220 - loadIPPluginJar : add gic
2025-07-26 21:15:17,428 [INFO] IPUIPlugin:80 - create IPUIPlugin
2025-07-26 21:15:17,429 [INFO] PluginManager:220 - loadIPPluginJar : add gpio
2025-07-26 21:15:17,441 [INFO] IPUIPlugin:80 - create IPUIPlugin
2025-07-26 21:15:17,441 [INFO] PluginManager:220 - loadIPPluginJar : add gtzc
2025-07-26 21:15:17,451 [INFO] IPUIPlugin:80 - create IPUIPlugin
2025-07-26 21:15:17,451 [INFO] PluginManager:220 - loadIPPluginJar : add hash
2025-07-26 21:15:17,461 [INFO] IPUIPlugin:80 - create IPUIPlugin
2025-07-26 21:15:17,462 [INFO] PluginManager:220 - loadIPPluginJar : add i2c
2025-07-26 21:15:17,495 [INFO] IPUIPlugin:80 - create IPUIPlugin
2025-07-26 21:15:17,497 [INFO] PluginManager:220 - loadIPPluginJar : add i2s
2025-07-26 21:15:17,515 [INFO] IPUIPlugin:80 - create IPUIPlugin
2025-07-26 21:15:17,515 [INFO] PluginManager:220 - loadIPPluginJar : add i3c
2025-07-26 21:15:17,543 [INFO] IPUIPlugin:80 - create IPUIPlugin
2025-07-26 21:15:17,544 [INFO] PluginManager:220 - loadIPPluginJar : add ipddr
2025-07-26 21:15:17,563 [INFO] IPUIPlugin:80 - create IPUIPlugin
2025-07-26 21:15:17,563 [INFO] PluginManager:220 - loadIPPluginJar : add linkedlist
2025-07-26 21:15:17,574 [INFO] IPUIPlugin:80 - create IPUIPlugin
2025-07-26 21:15:17,575 [INFO] PluginManager:220 - loadIPPluginJar : add lorawan
2025-07-26 21:15:17,580 [INFO] IPUIPlugin:80 - create IPUIPlugin
2025-07-26 21:15:17,581 [INFO] PluginManager:220 - loadIPPluginJar : add ltdc
2025-07-26 21:15:17,634 [INFO] IPUIPlugin:80 - create IPUIPlugin
2025-07-26 21:15:17,636 [INFO] PluginManager:220 - loadIPPluginJar : add mdma
2025-07-26 21:15:17,644 [INFO] IPUIPlugin:80 - create IPUIPlugin
2025-07-26 21:15:17,645 [INFO] PluginManager:220 - loadIPPluginJar : add nvic
2025-07-26 21:15:17,652 [INFO] IPUIPlugin:80 - create IPUIPlugin
2025-07-26 21:15:17,653 [INFO] PluginManager:220 - loadIPPluginJar : add opamp
2025-07-26 21:15:17,661 [INFO] IPUIPlugin:80 - create IPUIPlugin
2025-07-26 21:15:17,661 [INFO] PluginManager:220 - loadIPPluginJar : add openamp
2025-07-26 21:15:17,670 [INFO] IPUIPlugin:80 - create IPUIPlugin
2025-07-26 21:15:17,671 [INFO] PluginManager:220 - loadIPPluginJar : add pdm2pcm
2025-07-26 21:15:17,692 [INFO] IPUIPlugin:80 - create IPUIPlugin
2025-07-26 21:15:17,763 [INFO] PluginManager:220 - loadIPPluginJar : add plateformsettings
2025-07-26 21:15:17,772 [INFO] IPUIPlugin:80 - create IPUIPlugin
2025-07-26 21:15:17,773 [INFO] PluginManager:220 - loadIPPluginJar : add quadspi
2025-07-26 21:15:17,778 [INFO] IPUIPlugin:80 - create IPUIPlugin
2025-07-26 21:15:17,781 [INFO] PluginManager:220 - loadIPPluginJar : add radio
2025-07-26 21:15:17,789 [INFO] IPUIPlugin:80 - create IPUIPlugin
2025-07-26 21:15:17,789 [INFO] PluginManager:220 - loadIPPluginJar : add resmgrutility
2025-07-26 21:15:17,799 [INFO] IPUIPlugin:80 - create IPUIPlugin
2025-07-26 21:15:17,800 [INFO] PluginManager:220 - loadIPPluginJar : add sai
2025-07-26 21:15:17,806 [INFO] IPUIPlugin:80 - create IPUIPlugin
2025-07-26 21:15:17,806 [INFO] PluginManager:220 - loadIPPluginJar : add spi
2025-07-26 21:15:17,917 [INFO] IPUIPlugin:80 - create IPUIPlugin
2025-07-26 21:15:17,918 [INFO] PluginManager:220 - loadIPPluginJar : add stm32_wpan
2025-07-26 21:15:17,924 [INFO] IPUIPlugin:80 - create IPUIPlugin
2025-07-26 21:15:17,924 [INFO] PluginManager:220 - loadIPPluginJar : add tim
2025-07-26 21:15:17,934 [INFO] IPUIPlugin:80 - create IPUIPlugin
2025-07-26 21:15:17,934 [INFO] PluginManager:220 - loadIPPluginJar : add touchsensing
2025-07-26 21:15:17,939 [INFO] IPUIPlugin:80 - create IPUIPlugin
2025-07-26 21:15:17,939 [INFO] PluginManager:220 - loadIPPluginJar : add tracer_emb
2025-07-26 21:15:17,944 [INFO] IPUIPlugin:80 - create IPUIPlugin
2025-07-26 21:15:17,944 [INFO] PluginManager:220 - loadIPPluginJar : add ts
2025-07-26 21:15:17,949 [INFO] IPUIPlugin:80 - create IPUIPlugin
2025-07-26 21:15:17,949 [INFO] PluginManager:220 - loadIPPluginJar : add tsc
2025-07-26 21:15:17,960 [INFO] IPUIPlugin:80 - create IPUIPlugin
2025-07-26 21:15:17,960 [INFO] PluginManager:220 - loadIPPluginJar : add ucpd
2025-07-26 21:15:17,967 [INFO] IPUIPlugin:80 - create IPUIPlugin
2025-07-26 21:15:17,968 [INFO] PluginManager:220 - loadIPPluginJar : add usart
2025-07-26 21:15:17,977 [INFO] IPUIPlugin:80 - create IPUIPlugin
2025-07-26 21:15:17,977 [INFO] PluginManager:220 - loadIPPluginJar : add usbx
2025-07-26 21:15:18,371 [FATAL] Updater:351 - Updater called before beeing initialized
2025-07-26 21:15:18,610 [INFO] RulesReader:64 - Compatibility file has been processed (302 Rules)
2025-07-26 21:15:18,680 [INFO] RulesReader:64 - Compatibility file has been processed (302 Rules)
2025-07-26 21:15:18,763 [INFO] CADModel:165 - CPN selected for project level
2025-07-26 21:15:18,765 [INFO] CADModel:114 - Register for checkConnection events
2025-07-26 21:15:18,765 [FATAL] Updater:351 - Updater called before beeing initialized
2025-07-26 21:15:18,767 [ERROR] CADModel:125 - Updater not yet initialized, retry later 
2025-07-26 21:15:19,535 [FATAL] Updater:351 - Updater called before beeing initialized
2025-07-26 21:15:19,541 [INFO] CADModel:165 - CPN selected for project level
2025-07-26 21:15:19,541 [INFO] CADModel:114 - Register for checkConnection events
2025-07-26 21:15:19,542 [FATAL] Updater:351 - Updater called before beeing initialized
2025-07-26 21:15:19,542 [ERROR] CADModel:125 - Updater not yet initialized, retry later 
2025-07-26 21:15:19,553 [FATAL] Updater:351 - Updater called before beeing initialized
2025-07-26 21:15:20,141 [FATAL] Updater:351 - Updater called before beeing initialized
2025-07-26 21:15:20,160 [INFO] DbMcusAds:53 - JSON generation date=Tue Jul 08 11:14:23 MSK 2025 (1751962463524)
2025-07-26 21:15:20,162 [FATAL] Updater:351 - Updater called before beeing initialized
2025-07-26 21:15:20,661 [WARN] DetailPanel:346 - Failed to get advertising image, set to default
2025-07-26 21:15:20,837 [INFO] ThirdPartyUpdaterWithRetryManager:70 - Updater plugin not ready yet. [3/15]
2025-07-26 21:15:23,162 [FATAL] Updater:351 - Updater called before beeing initialized
2025-07-26 21:15:23,167 [FATAL] Updater:351 - Updater called before beeing initialized
2025-07-26 21:15:23,167 [FATAL] Updater:351 - Updater called before beeing initialized
2025-07-26 21:15:23,168 [WARN] DetailPanel:346 - Failed to get advertising image, set to default
2025-07-26 21:15:23,171 [FATAL] Updater:351 - Updater called before beeing initialized
2025-07-26 21:15:23,391 [ERROR] Updater:1198 - MainUpdater not yet initialized. External WinMGr cannot be set.
2025-07-26 21:15:23,445 [INFO] Updater:1134 - Updater Version found : 6.14.1
2025-07-26 21:15:23,518 [INFO] ApplicationProperties:184 - Using Application install path: C:\ST\STM32CubeIDE_1.18.1\STM32CubeIDE\plugins\com.st.stm32cube.common.mx_6.14.1.202504091515
2025-07-26 21:15:24,546 [FATAL] Updater:351 - Updater called before beeing initialized
2025-07-26 21:15:24,547 [ERROR] IntegrityCheckThread:130 - Cannot retrieve database content from updater: error 21
2025-07-26 21:15:24,548 [INFO] ThirdParty:978 - Integrity check success = false
2025-07-26 21:15:24,548 [INFO] IntegrityCheckThread:100 - exiting critical section [integrity check]
2025-07-26 21:15:24,548 [INFO] IntegrityCheckThread:103 - End integrity checks thread
2025-07-26 21:15:25,944 [INFO] MainUpdater:2872 - connection check result : 10
2025-07-26 21:15:25,947 [INFO] MainUpdater:289 - Updater Check For Update Now.
2025-07-26 21:15:25,948 [INFO] MicroXplorer:498 - Change Database Version : DB.6.0.141
2025-07-26 21:15:25,971 [INFO] McuFinderGlobals:63 - Set McuFinder mode to 2 (CubeIDE integrated)
2025-07-26 21:15:25,971 [INFO] UserAuth:171 - activating auth plugin
2025-07-26 21:15:25,984 [INFO] UserAuth:484 - Internet connection configuration mode: 1
2025-07-26 21:15:26,055 [INFO] JxBrowserEngine:152 - Initiate JxBrowser Engine with user profile folder
2025-07-26 21:15:27,050 [INFO] CheckServerUpdateThread:120 - End of CheckServer Thread
2025-07-26 21:15:30,372 [INFO] WebApp:169 - Instantiating new browser for Auth
2025-07-26 21:15:34,750 [INFO] WebApp:463 - Apply proxy settings
2025-07-26 21:15:34,753 [INFO] WebApp:548 - Chromium requires no authentication
2025-07-26 21:15:34,805 [INFO] WebApp:491 - Direct internet connection detected
2025-07-26 21:15:34,924 [INFO] WebApp:894 - Register for checkConnection events
2025-07-26 21:15:34,926 [INFO] WebApp:463 - Apply proxy settings
2025-07-26 21:15:34,926 [INFO] WebApp:548 - Chromium requires no authentication
2025-07-26 21:15:34,927 [INFO] WebApp:491 - Direct internet connection detected
2025-07-26 21:15:36,198 [INFO] WebApp:225 - Starting web application
2025-07-26 21:15:36,198 [INFO] WebApp:593 - Web application path used C:\ST\STM32CubeIDE_1.18.1\STM32CubeIDE\plugins\com.st.stm32cube.common.mx_6.14.1.202504091515\db\plugins\mcufinder\reactClient1\index.html
2025-07-26 21:15:36,244 [INFO] WebApp:191 - Connection restablished
